Using pre-set license
Built from '2022.3/staging' branch; Version is '2022.3.10f1 (ff3792e53c62) revision 16725906'; Using compiler version '192829333'; Build Type 'Release'
OS: 'Windows 10  (10.0.19045) 64bit Professional' Language: 'ru' Physical Memory: 32651 MB
BatchMode: 1, IsHumanControllingUs: 0, StartBugReporterOnCrash: 0, Is64bit: 1, IsPro: 1

COMMAND LINE ARGUMENTS:
C:\Program Files\Unity\Hub\Editor\2022.3.10f1\Editor\Unity.exe
-adb2
-batchMode
-noUpm
-name
AssetImportWorker4
-projectPath
C:/Users/laela/VR
-logFile
Logs/AssetImportWorker4.log
-srvPort
50795
Successfully changed project path to: C:/Users/laela/VR
C:/Users/laela/VR
[UnityMemory] Configuration Parameters - Can be set up in boot.config
    "memorysetup-bucket-allocator-granularity=16"
    "memorysetup-bucket-allocator-bucket-count=8"
    "memorysetup-bucket-allocator-block-size=33554432"
    "memorysetup-bucket-allocator-block-count=8"
    "memorysetup-main-allocator-block-size=16777216"
    "memorysetup-thread-allocator-block-size=16777216"
    "memorysetup-gfx-main-allocator-block-size=16777216"
    "memorysetup-gfx-thread-allocator-block-size=16777216"
    "memorysetup-cache-allocator-block-size=4194304"
    "memorysetup-typetree-allocator-block-size=2097152"
    "memorysetup-profiler-bucket-allocator-granularity=16"
    "memorysetup-profiler-bucket-allocator-bucket-count=8"
    "memorysetup-profiler-bucket-allocator-block-size=33554432"
    "memorysetup-profiler-bucket-allocator-block-count=8"
    "memorysetup-profiler-allocator-block-size=16777216"
    "memorysetup-profiler-editor-allocator-block-size=1048576"
    "memorysetup-temp-allocator-size-main=16777216"
    "memorysetup-job-temp-allocator-block-size=2097152"
    "memorysetup-job-temp-allocator-block-size-background=1048576"
    "memorysetup-job-temp-allocator-reduction-small-platforms=262144"
    "memorysetup-allocator-temp-initial-block-size-main=262144"
    "memorysetup-allocator-temp-initial-block-size-worker=262144"
    "memorysetup-temp-allocator-size-background-worker=32768"
    "memorysetup-temp-allocator-size-job-worker=262144"
    "memorysetup-temp-allocator-size-preload-manager=33554432"
    "memorysetup-temp-allocator-size-nav-mesh-worker=65536"
    "memorysetup-temp-allocator-size-audio-worker=65536"
    "memorysetup-temp-allocator-size-cloud-worker=32768"
    "memorysetup-temp-allocator-size-gi-baking-worker=262144"
    "memorysetup-temp-allocator-size-gfx=262144"
Player connection [4192] Host "[IP] 192.168.1.111 [Port] 0 [Flags] 2 [Guid] 613148685 [EditorId] 613148685 [Version] 1048832 [Id] WindowsEditor(7,DESKTOP-9FFFAPQ) [Debug] 1 [PackageName] WindowsEditor [ProjectName] Editor" joined multi-casting on [225.0.0.222:54997]...

Player connection [4192] Host "[IP] 192.168.1.111 [Port] 0 [Flags] 2 [Guid] 613148685 [EditorId] 613148685 [Version] 1048832 [Id] WindowsEditor(7,DESKTOP-9FFFAPQ) [Debug] 1 [PackageName] WindowsEditor [ProjectName] Editor" joined alternative multi-casting on [225.0.0.222:34997]...

[Physics::Module] Initialized MultithreadedJobDispatcher with 11 workers.
Refreshing native plugins compatible for Editor in 8.83 ms, found 6 plugins.
Preloading 0 native plugins for Editor in 0.00 ms.
Initialize engine version: 2022.3.10f1 (ff3792e53c62)
[Subsystems] Discovering subsystems at path C:/Program Files/Unity/Hub/Editor/2022.3.10f1/Editor/Data/Resources/UnitySubsystems
[Subsystems] Discovering subsystems at path C:/Users/laela/VR/Assets
GfxDevice: creating device client; threaded=0; jobified=0
Direct3D:
    Version:  Direct3D 11.0 [level 11.1]
    Renderer: AMD Radeon RX 6700 XT (ID=0x73df)
    Vendor:   ATI
    VRAM:     12243 MB
    Driver:   31.0.12027.9001
Initialize mono
Mono path[0] = 'C:/Program Files/Unity/Hub/Editor/2022.3.10f1/Editor/Data/Managed'
Mono path[1] = 'C:/Program Files/Unity/Hub/Editor/2022.3.10f1/Editor/Data/MonoBleedingEdge/lib/mono/unityjit-win32'
Mono config path = 'C:/Program Files/Unity/Hub/Editor/2022.3.10f1/Editor/Data/MonoBleedingEdge/etc'
Using monoOptions --debugger-agent=transport=dt_socket,embedding=1,server=y,suspend=n,address=127.0.0.1:56564
Begin MonoManager ReloadAssembly
Registering precompiled unity dll's ...
Register platform support module: C:/Program Files/Unity/Hub/Editor/2022.3.10f1/Editor/Data/PlaybackEngines/WindowsStandaloneSupport/UnityEditor.WindowsStandalone.Extensions.dll
Registered in 0.006804 seconds.
- Loaded All Assemblies, in  0.237 seconds
Native extension for WindowsStandalone target not found
Mono: successfully reloaded assembly
- Finished resetting the current domain, in  0.173 seconds
Domain Reload Profiling: 409ms
	BeginReloadAssembly (77ms)
		ExecutionOrderSort (0ms)
		DisableScriptedObjects (0ms)
		BackupInstance (0ms)
		ReleaseScriptingObjects (0ms)
		CreateAndSetChildDomain (1ms)
	RebuildCommonClasses (23ms)
	RebuildNativeTypeToScriptingClass (7ms)
	initialDomainReloadingComplete (43ms)
	LoadAllAssembliesAndSetupDomain (86ms)
		LoadAssemblies (75ms)
		RebuildTransferFunctionScriptingTraits (0ms)
		AnalyzeDomain (85ms)
			TypeCache.Refresh (84ms)
				TypeCache.ScanAssembly (75ms)
			ScanForSourceGeneratedMonoScriptInfo (0ms)
			ResolveRequiredComponents (0ms)
	FinalizeReload (173ms)
		ReleaseScriptCaches (0ms)
		RebuildScriptCaches (0ms)
		SetupLoadedEditorAssemblies (134ms)
			LogAssemblyErrors (0ms)
			InitializePlatformSupportModulesInManaged (7ms)
			SetLoadedEditorAssemblies (5ms)
			RefreshPlugins (0ms)
			BeforeProcessingInitializeOnLoad (1ms)
			ProcessInitializeOnLoadAttributes (88ms)
			ProcessInitializeOnLoadMethodAttributes (32ms)
			AfterProcessingInitializeOnLoad (0ms)
			EditorAssembliesLoaded (0ms)
		ExecutionOrderSort2 (0ms)
		AwakeInstancesAfterBackupRestoration (0ms)
========================================================================
Worker process is ready to serve import requests
Begin MonoManager ReloadAssembly
- Loaded All Assemblies, in  0.426 seconds
Refreshing native plugins compatible for Editor in 4.54 ms, found 6 plugins.
Native extension for WindowsStandalone target not found
Package Manager log level set to [2]
[Package Manager] Server::EnsureServerProcessIsRunning -- launch failed, reason: Unity was launched with the -noUpm command-line argument
[Package Manager] UpmClient::Send -- Unable to send message (not connected to UPM process).
[Package Manager] Cannot connect to Unity Package Manager local server
[Package Manager] Server::EnsureServerProcessIsRunning -- launch failed, reason: Unity was launched with the -noUpm command-line argument
[Package Manager] UpmClient::Send -- Unable to send message (not connected to UPM process).
[Package Manager] Cannot connect to Unity Package Manager local server
Mono: successfully reloaded assembly
[Package Manager] Server::EnsureServerProcessIsRunning -- launch failed, reason: Unity was launched with the -noUpm command-line argument
[Package Manager] UpmClient::Send -- Unable to send message (not connected to UPM process).
[Package Manager] Cannot connect to Unity Package Manager local server
[Package Manager] Server::EnsureServerProcessIsRunning -- launch failed, reason: Unity was launched with the -noUpm command-line argument
[Package Manager] UpmClient::Send -- Unable to send message (not connected to UPM process).
[Package Manager] Cannot connect to Unity Package Manager local server
- Finished resetting the current domain, in  0.379 seconds
Domain Reload Profiling: 802ms
	BeginReloadAssembly (103ms)
		ExecutionOrderSort (0ms)
		DisableScriptedObjects (4ms)
		BackupInstance (0ms)
		ReleaseScriptingObjects (0ms)
		CreateAndSetChildDomain (16ms)
	RebuildCommonClasses (22ms)
	RebuildNativeTypeToScriptingClass (7ms)
	initialDomainReloadingComplete (30ms)
	LoadAllAssembliesAndSetupDomain (261ms)
		LoadAssemblies (199ms)
		RebuildTransferFunctionScriptingTraits (0ms)
		AnalyzeDomain (121ms)
			TypeCache.Refresh (104ms)
				TypeCache.ScanAssembly (93ms)
			ScanForSourceGeneratedMonoScriptInfo (12ms)
			ResolveRequiredComponents (4ms)
	FinalizeReload (379ms)
		ReleaseScriptCaches (0ms)
		RebuildScriptCaches (0ms)
		SetupLoadedEditorAssemblies (278ms)
			LogAssemblyErrors (0ms)
			InitializePlatformSupportModulesInManaged (5ms)
			SetLoadedEditorAssemblies (3ms)
			RefreshPlugins (0ms)
			BeforeProcessingInitializeOnLoad (48ms)
			ProcessInitializeOnLoadAttributes (204ms)
			ProcessInitializeOnLoadMethodAttributes (13ms)
			AfterProcessingInitializeOnLoad (6ms)
			EditorAssembliesLoaded (0ms)
		ExecutionOrderSort2 (0ms)
		AwakeInstancesAfterBackupRestoration (4ms)
Launched and connected shader compiler UnityShaderCompiler.exe after 0.03 seconds
Refreshing native plugins compatible for Editor in 7.06 ms, found 6 plugins.
Preloading 0 native plugins for Editor in 0.00 ms.
Unloading 3404 Unused Serialized files (Serialized files now loaded: 0)
Unloading 34 unused Assets / (56.8 KB). Loaded Objects now: 3874.
Memory consumption went from 125.6 MB to 125.6 MB.
Total: 3.104500 ms (FindLiveObjects: 0.206600 ms CreateObjectMapping: 0.122400 ms MarkObjects: 2.680200 ms  DeleteObjects: 0.094500 ms)

AssetImportParameters requested are different than current active one (requested -> active):
  custom:container-demuxer-ogg: 62fdf1f143b41e24485cea50d1cbac27 -> 
  custom:scripting/monoscript/fileName/OpenVRSimpleJSON.cs: af76c6d6c9c7fe2b8cfd370b2f29b59f -> 
  custom:video-decoder-ogg-theora: a1e56fd34408186e4bbccfd4996cb3dc -> 
  custom:framework-win-MediaFoundation: 216162199b28c13a410421893ffa2e32 -> 
  custom:CustomObjectIndexerAttribute: 756ad292c208cfabdd7b50bc23989ffe -> 
  custom:container-demuxer-webm: 4f35f7cbe854078d1ac9338744f61a02 -> 
  custom:scripting/monoscript/fileName/openvr_api.cs: 2e32ba05c4ef83e6129ad780a6878ae0 -> 98f40b14b932fea606f388f353d5049d
  custom:container-muxer-webm: aa71ff27fc2769a1b78a27578f13a17b -> 
  custom:video-decoder-webm-vp8: 9c59270c3fd7afecdb556c50c9e8de78 -> 
  custom:SearchIndexIgnoredProperties: e643bd26f0fe6173181afceb89e7c659 -> 
  custom:AudioImporter_EditorPlatform: d09bf68614088b80899f8185d706f6e7 -> 
  custom:video-encoder-webm-vp8: eb34c28f22e8b96e1ab97ce403110664 -> 
  custom:audio-decoder-ogg-vorbis: bf7c407c2cedff20999df2af8eb42d56 -> 
  custom:scripting/monoscript/fileName/OpenVRPackageInstaller.cs: 49d3f53a942f8df25df5bc20b4549812 -> 
  custom:audio-encoder-webm-vorbis: bf7c407c2cedff20999df2af8eb42d56 -> 
========================================================================
Received Import Request.
  Time since last request: 9457.593819 seconds.
  path: Assets/SteamVR/InteractionSystem/Teleport/Materials
  artifactKey: Guid(7aaf325fc9c2739499d94017488bd120) Importer(815301076,1909f56bfc062723c751e8b465ee728b)
Start importing Assets/SteamVR/InteractionSystem/Teleport/Materials using Guid(7aaf325fc9c2739499d94017488bd120) Importer(815301076,1909f56bfc062723c751e8b465ee728b)  -> (artifact id: '5531263e511d34de590353faba1510d8') in 0.003122 seconds
Number of updated asset objects reloaded before import = 0
Number of asset objects unloaded after import = 0
========================================================================
Received Import Request.
  Time since last request: 0.085847 seconds.
  path: Assets/SteamVR/InteractionSystem/Teleport/Materials/TeleportAreaHighlighted.mat
  artifactKey: Guid(a8cac5516702311429fe7478ff4d7d05) Importer(815301076,1909f56bfc062723c751e8b465ee728b)
Start importing Assets/SteamVR/InteractionSystem/Teleport/Materials/TeleportAreaHighlighted.mat using Guid(a8cac5516702311429fe7478ff4d7d05) Importer(815301076,1909f56bfc062723c751e8b465ee728b)  -> (artifact id: 'd060e8eedf7cb98c96b57192790412c7') in 0.117157 seconds
Number of updated asset objects reloaded before import = 0
Number of asset objects unloaded after import = 2
========================================================================
Received Import Request.
  Time since last request: 19.810724 seconds.
  path: Assets/SteamVR/Resources
  artifactKey: Guid(40af2f692be87864ba388a27fcac9ed8) Importer(815301076,1909f56bfc062723c751e8b465ee728b)
Start importing Assets/SteamVR/Resources using Guid(40af2f692be87864ba388a27fcac9ed8) Importer(815301076,1909f56bfc062723c751e8b465ee728b)  -> (artifact id: '7114ecad4b386b697339edbd90774f0c') in 0.000412 seconds
Number of updated asset objects reloaded before import = 0
Number of asset objects unloaded after import = 0
========================================================================
Received Import Request.
  Time since last request: 0.086965 seconds.
  path: Assets/SteamVR/Resources/ReferencePose_BindPose.asset
  artifactKey: Guid(9303872ccc6946c4185bc4b432372ba0) Importer(815301076,1909f56bfc062723c751e8b465ee728b)
Start importing Assets/SteamVR/Resources/ReferencePose_BindPose.asset using Guid(9303872ccc6946c4185bc4b432372ba0) Importer(815301076,1909f56bfc062723c751e8b465ee728b)  -> (artifact id: '0e50ca0cf74ce1a3d0f9694e5d938879') in 0.001145 seconds
Number of updated asset objects reloaded before import = 0
Number of asset objects unloaded after import = 1
========================================================================
Received Import Request.
  Time since last request: 0.054488 seconds.
  path: Assets/SteamVR/Resources/SteamVR_ExternalCamera.prefab
  artifactKey: Guid(6b259143c09ffc447ad059e5b8d8cf89) Importer(815301076,1909f56bfc062723c751e8b465ee728b)
Start importing Assets/SteamVR/Resources/SteamVR_ExternalCamera.prefab using Guid(6b259143c09ffc447ad059e5b8d8cf89) Importer(815301076,1909f56bfc062723c751e8b465ee728b)  -> (artifact id: '09f05f62ce814b608b9ff16bcca81859') in 0.006146 seconds
Number of updated asset objects reloaded before import = 0
Number of asset objects unloaded after import = 7
========================================================================
Received Import Request.
  Time since last request: 4.414616 seconds.
  path: Assets/SteamVR/Extras
  artifactKey: Guid(61f4796ee4f00314e8d8b1ad39a78c28) Importer(815301076,1909f56bfc062723c751e8b465ee728b)
Start importing Assets/SteamVR/Extras using Guid(61f4796ee4f00314e8d8b1ad39a78c28) Importer(815301076,1909f56bfc062723c751e8b465ee728b)  -> (artifact id: 'aac022e24bf06f0c07c775738d6323a5') in 0.000353 seconds
Number of updated asset objects reloaded before import = 0
Number of asset objects unloaded after import = 0
========================================================================
Received Import Request.
  Time since last request: 0.064846 seconds.
  path: Assets/SteamVR/Extras/SteamVR_TestTrackedCamera.mat
  artifactKey: Guid(99ee8d48ccf36264e9d9a72baa681249) Importer(815301076,1909f56bfc062723c751e8b465ee728b)
Start importing Assets/SteamVR/Extras/SteamVR_TestTrackedCamera.mat using Guid(99ee8d48ccf36264e9d9a72baa681249) Importer(815301076,1909f56bfc062723c751e8b465ee728b)  -> (artifact id: '11123ebf20a6191443bae516ce3e65c7') in 0.015120 seconds
Number of updated asset objects reloaded before import = 0
Number of asset objects unloaded after import = 1
========================================================================
Received Import Request.
  Time since last request: 2.575007 seconds.
  path: Assets/SteamVR/Extras/SteamVR_ForceSteamVRMode.unity
  artifactKey: Guid(9b1775e13a163e146930422a18e54bfc) Importer(815301076,1909f56bfc062723c751e8b465ee728b)
Start importing Assets/SteamVR/Extras/SteamVR_ForceSteamVRMode.unity using Guid(9b1775e13a163e146930422a18e54bfc) Importer(815301076,1909f56bfc062723c751e8b465ee728b)  -> (artifact id: '50faacccd941ce6f3dcb3c854a31fc15') in 0.000368 seconds
Number of updated asset objects reloaded before import = 0
Number of asset objects unloaded after import = 0
========================================================================
Received Import Request.
  Time since last request: 2.606969 seconds.
  path: Assets/SteamVR/Extras/SteamVR_TestIK.unity
  artifactKey: Guid(4b6669fb4e4df9c48926f02b694be9d1) Importer(815301076,1909f56bfc062723c751e8b465ee728b)
Start importing Assets/SteamVR/Extras/SteamVR_TestIK.unity using Guid(4b6669fb4e4df9c48926f02b694be9d1) Importer(815301076,1909f56bfc062723c751e8b465ee728b)  -> (artifact id: '7e46325d2c7b131bc74a445189c32476') in 0.000367 seconds
Number of updated asset objects reloaded before import = 0
Number of asset objects unloaded after import = 0
========================================================================
Received Import Request.
  Time since last request: 2.840335 seconds.
  path: Assets/SteamVR/Extras/SteamVR_TestThrow.unity
  artifactKey: Guid(0d936163b5e9a5047b5e4ba5afaf5126) Importer(815301076,1909f56bfc062723c751e8b465ee728b)
Start importing Assets/SteamVR/Extras/SteamVR_TestThrow.unity using Guid(0d936163b5e9a5047b5e4ba5afaf5126) Importer(815301076,1909f56bfc062723c751e8b465ee728b)  -> (artifact id: '445d183a1290bfd101e71d4a80a5597e') in 0.000407 seconds
Number of updated asset objects reloaded before import = 0
Number of asset objects unloaded after import = 0
========================================================================
Received Import Request.
  Time since last request: 5.899590 seconds.
  path: Assets/SteamVR/Editor
  artifactKey: Guid(c33af0785775d7548b22541da37936fe) Importer(815301076,1909f56bfc062723c751e8b465ee728b)
Start importing Assets/SteamVR/Editor using Guid(c33af0785775d7548b22541da37936fe) Importer(815301076,1909f56bfc062723c751e8b465ee728b)  -> (artifact id: '06e62c04c868d5f7945668e7ad6bcee1') in 0.000337 seconds
Number of updated asset objects reloaded before import = 0
Number of asset objects unloaded after import = 0
========================================================================
Received Import Request.
  Time since last request: 0.076991 seconds.
  path: Assets/SteamVR/Editor/SteamVR_Editor.asmdef
  artifactKey: Guid(9bac448de04a4f6448fee1acc220e5a1) Importer(815301076,1909f56bfc062723c751e8b465ee728b)
Start importing Assets/SteamVR/Editor/SteamVR_Editor.asmdef using Guid(9bac448de04a4f6448fee1acc220e5a1) Importer(815301076,1909f56bfc062723c751e8b465ee728b)  -> (artifact id: '0bc8f8e9fa1d77d66aa09a4c595f8f4f') in 0.000306 seconds
Number of updated asset objects reloaded before import = 0
Number of asset objects unloaded after import = 0
========================================================================
Received Import Request.
  Time since last request: 5.536699 seconds.
  path: Assets/SteamVR/Scripts
  artifactKey: Guid(d88af1b1098a33a42bc43c910c864102) Importer(815301076,1909f56bfc062723c751e8b465ee728b)
Start importing Assets/SteamVR/Scripts using Guid(d88af1b1098a33a42bc43c910c864102) Importer(815301076,1909f56bfc062723c751e8b465ee728b)  -> (artifact id: '45eb8e79908fb2f847a0f8a31b5b9959') in 0.000336 seconds
Number of updated asset objects reloaded before import = 0
Number of asset objects unloaded after import = 0
========================================================================
Received Import Request.
  Time since last request: 12.226892 seconds.
  path: Assets/SteamVR/InteractionSystem/Core
  artifactKey: Guid(1ab2780fe1da2544b86a1020e5f638e2) Importer(815301076,1909f56bfc062723c751e8b465ee728b)
Start importing Assets/SteamVR/InteractionSystem/Core using Guid(1ab2780fe1da2544b86a1020e5f638e2) Importer(815301076,1909f56bfc062723c751e8b465ee728b)  -> (artifact id: '9df5906ea02eb967db97406a73a32abe') in 0.000339 seconds
Number of updated asset objects reloaded before import = 0
Number of asset objects unloaded after import = 0
========================================================================
Received Import Request.
  Time since last request: 1.675484 seconds.
  path: Assets/SteamVR/InteractionSystem/Core/Prefabs
  artifactKey: Guid(6d60d25020af6fb4f8d436244db7cc4b) Importer(815301076,1909f56bfc062723c751e8b465ee728b)
Start importing Assets/SteamVR/InteractionSystem/Core/Prefabs using Guid(6d60d25020af6fb4f8d436244db7cc4b) Importer(815301076,1909f56bfc062723c751e8b465ee728b)  -> (artifact id: '86f255bd3745acf351f71cc593cf5b2d') in 0.000343 seconds
Number of updated asset objects reloaded before import = 0
Number of asset objects unloaded after import = 0
========================================================================
Received Import Request.
  Time since last request: 0.066579 seconds.
  path: Assets/SteamVR/InteractionSystem/Core/Prefabs/HandColliderLeft.prefab
  artifactKey: Guid(73f816dd3537a4c44988f340a5da70b9) Importer(815301076,1909f56bfc062723c751e8b465ee728b)
Start importing Assets/SteamVR/InteractionSystem/Core/Prefabs/HandColliderLeft.prefab using Guid(73f816dd3537a4c44988f340a5da70b9) Importer(815301076,1909f56bfc062723c751e8b465ee728b)  -> (artifact id: 'b601061f4ffbe78eb7763b00b8d05f91') in 0.002260 seconds
Number of updated asset objects reloaded before import = 0
Number of asset objects unloaded after import = 59
========================================================================
Received Import Request.
  Time since last request: 0.000009 seconds.
  path: Assets/SteamVR/InteractionSystem/Core/Prefabs/LeftRenderModel Slim.prefab
  artifactKey: Guid(d5082f7d9f947374197e0a97786f4e40) Importer(815301076,1909f56bfc062723c751e8b465ee728b)
Start importing Assets/SteamVR/InteractionSystem/Core/Prefabs/LeftRenderModel Slim.prefab using Guid(d5082f7d9f947374197e0a97786f4e40) Importer(815301076,1909f56bfc062723c751e8b465ee728b)  -> (artifact id: '01283a17fd682efa0a3b69b0e88cffb8') in 0.021095 seconds
Number of updated asset objects reloaded before import = 0
Number of asset objects unloaded after import = 163
========================================================================
Received Import Request.
  Time since last request: 7.867471 seconds.
  path: Assets/SteamVR/InteractionSystem/Longbow
  artifactKey: Guid(ee2359d7e6460d4449d8b8c70d3045b4) Importer(815301076,1909f56bfc062723c751e8b465ee728b)
Start importing Assets/SteamVR/InteractionSystem/Longbow using Guid(ee2359d7e6460d4449d8b8c70d3045b4) Importer(815301076,1909f56bfc062723c751e8b465ee728b)  -> (artifact id: '93591db0dc9b25731b3a23878988aad7') in 0.000377 seconds
Number of updated asset objects reloaded before import = 0
Number of asset objects unloaded after import = 0
========================================================================
Received Import Request.
  Time since last request: 2.137478 seconds.
  path: Assets/SteamVR/InteractionSystem/Longbow/Prefabs
  artifactKey: Guid(a4acc435c26639c4fac0c4358c455259) Importer(815301076,1909f56bfc062723c751e8b465ee728b)
Start importing Assets/SteamVR/InteractionSystem/Longbow/Prefabs using Guid(a4acc435c26639c4fac0c4358c455259) Importer(815301076,1909f56bfc062723c751e8b465ee728b)  -> (artifact id: '4d35a530d213a3ef3f29d3b7a20c5d39') in 0.000341 seconds
Number of updated asset objects reloaded before import = 0
Number of asset objects unloaded after import = 0
========================================================================
Received Import Request.
  Time since last request: 0.048270 seconds.
  path: Assets/SteamVR/InteractionSystem/Longbow/Prefabs/ArcheryWeeble.prefab
  artifactKey: Guid(7fe1fef3cfad86946b3a549d6934330b) Importer(815301076,1909f56bfc062723c751e8b465ee728b)
Start importing Assets/SteamVR/InteractionSystem/Longbow/Prefabs/ArcheryWeeble.prefab using Guid(7fe1fef3cfad86946b3a549d6934330b) Importer(815301076,1909f56bfc062723c751e8b465ee728b)  -> (artifact id: 'ad4aabfbcdae0208a43d41a034d6068b') in 0.082013 seconds
Number of updated asset objects reloaded before import = 0
Number of asset objects unloaded after import = 132
========================================================================
Received Import Request.
  Time since last request: 0.000012 seconds.
  path: Assets/SteamVR/InteractionSystem/Longbow/Prefabs/LongbowOutline.prefab
  artifactKey: Guid(b9d299b8c6aa86242bec9a060f7e2d81) Importer(815301076,1909f56bfc062723c751e8b465ee728b)
Start importing Assets/SteamVR/InteractionSystem/Longbow/Prefabs/LongbowOutline.prefab using Guid(b9d299b8c6aa86242bec9a060f7e2d81) Importer(815301076,1909f56bfc062723c751e8b465ee728b)  -> (artifact id: 'c0905587d95a00ee7aa53dfb78d95783') in 0.063908 seconds
Number of updated asset objects reloaded before import = 0
Number of asset objects unloaded after import = 57
========================================================================
Received Import Request.
  Time since last request: 0.000015 seconds.
  path: Assets/SteamVR/InteractionSystem/Longbow/Prefabs/Longbow.prefab
  artifactKey: Guid(f1f5f898fbfdb80478825ce9b01fe8ae) Importer(815301076,1909f56bfc062723c751e8b465ee728b)
Start importing Assets/SteamVR/InteractionSystem/Longbow/Prefabs/Longbow.prefab using Guid(f1f5f898fbfdb80478825ce9b01fe8ae) Importer(815301076,1909f56bfc062723c751e8b465ee728b)  -> (artifact id: '6e1a84f914018a3a0e971b507920ef99') in 0.066105 seconds
Number of updated asset objects reloaded before import = 0
Number of asset objects unloaded after import = 496
========================================================================
Received Import Request.
  Time since last request: 0.000018 seconds.
  path: Assets/SteamVR/InteractionSystem/Longbow/Prefabs/FireTiny.prefab
  artifactKey: Guid(a6990c59ffac7cf4b87f644ab4782007) Importer(815301076,1909f56bfc062723c751e8b465ee728b)
Start importing Assets/SteamVR/InteractionSystem/Longbow/Prefabs/FireTiny.prefab using Guid(a6990c59ffac7cf4b87f644ab4782007) Importer(815301076,1909f56bfc062723c751e8b465ee728b)  -> (artifact id: 'd46a9a15f18fbb14b2d0eff14577affd') in 0.011580 seconds
Number of updated asset objects reloaded before import = 0
Number of asset objects unloaded after import = 16
========================================================================
Received Import Request.
  Time since last request: 0.000012 seconds.
  path: Assets/SteamVR/InteractionSystem/Longbow/Prefabs/BalloonPopNoSound.prefab
  artifactKey: Guid(a41945a8549c580408301691c2fd374e) Importer(815301076,1909f56bfc062723c751e8b465ee728b)
Start importing Assets/SteamVR/InteractionSystem/Longbow/Prefabs/BalloonPopNoSound.prefab using Guid(a41945a8549c580408301691c2fd374e) Importer(815301076,1909f56bfc062723c751e8b465ee728b)  -> (artifact id: '6300ff5815358430c3ac610bf32c043e') in 0.007739 seconds
Number of updated asset objects reloaded before import = 0
Number of asset objects unloaded after import = 15
========================================================================
Received Import Request.
  Time since last request: 0.000035 seconds.
  path: Assets/SteamVR/InteractionSystem/Longbow/Prefabs/BalloonSpawner.prefab
  artifactKey: Guid(01c670ceb931d524b9a80b70652eb18b) Importer(815301076,1909f56bfc062723c751e8b465ee728b)
Start importing Assets/SteamVR/InteractionSystem/Longbow/Prefabs/BalloonSpawner.prefab using Guid(01c670ceb931d524b9a80b70652eb18b) Importer(815301076,1909f56bfc062723c751e8b465ee728b)  -> (artifact id: '4a9d76ce1284e261687fdfdb8f52802d') in 0.007455 seconds
Number of updated asset objects reloaded before import = 0
Number of asset objects unloaded after import = 76
========================================================================
Received Import Request.
  Time since last request: 0.000012 seconds.
  path: Assets/SteamVR/InteractionSystem/Longbow/Prefabs/LongbowItemPackage.prefab
  artifactKey: Guid(98a3ad29136d5c04f8a025adf1cbd704) Importer(815301076,1909f56bfc062723c751e8b465ee728b)
Start importing Assets/SteamVR/InteractionSystem/Longbow/Prefabs/LongbowItemPackage.prefab using Guid(98a3ad29136d5c04f8a025adf1cbd704) Importer(815301076,1909f56bfc062723c751e8b465ee728b)  -> (artifact id: '0868b963f5c8800a481b7e75b432862f') in 0.025621 seconds
Number of updated asset objects reloaded before import = 0
Number of asset objects unloaded after import = 457
========================================================================
Received Import Request.
  Time since last request: 5.452815 seconds.
  path: Assets/SteamVR/InteractionSystem/Poses/CubePose.asset
  artifactKey: Guid(7698ce6c9a8924f4c810d69991a6789c) Importer(815301076,1909f56bfc062723c751e8b465ee728b)
Start importing Assets/SteamVR/InteractionSystem/Poses/CubePose.asset using Guid(7698ce6c9a8924f4c810d69991a6789c) Importer(815301076,1909f56bfc062723c751e8b465ee728b)  -> (artifact id: '747788e44b145c89f092a8ccaf8dac59') in 0.000993 seconds
Number of updated asset objects reloaded before import = 0
Number of asset objects unloaded after import = 1
========================================================================
Received Import Request.
  Time since last request: 0.000009 seconds.
  path: Assets/SteamVR/InteractionSystem/Poses/fallback_point.asset
  artifactKey: Guid(416ca9f76f309e5478daf527e55b0c80) Importer(815301076,1909f56bfc062723c751e8b465ee728b)
Start importing Assets/SteamVR/InteractionSystem/Poses/fallback_point.asset using Guid(416ca9f76f309e5478daf527e55b0c80) Importer(815301076,1909f56bfc062723c751e8b465ee728b)  -> (artifact id: '8d805dde45d069a9f76bd06329a3cc7c') in 0.000595 seconds
Number of updated asset objects reloaded before import = 0
Number of asset objects unloaded after import = 1
========================================================================
Received Import Request.
  Time since last request: 0.000467 seconds.
  path: Assets/SteamVR/InteractionSystem/Poses/GrenadePose_pinch.asset
  artifactKey: Guid(99c9269b2d9df784c990f84ae9ae1e87) Importer(815301076,1909f56bfc062723c751e8b465ee728b)
Start importing Assets/SteamVR/InteractionSystem/Poses/GrenadePose_pinch.asset using Guid(99c9269b2d9df784c990f84ae9ae1e87) Importer(815301076,1909f56bfc062723c751e8b465ee728b)  -> (artifact id: 'd77414a6e5ae1b711b5e5766dd0d3c2e') in 0.000595 seconds
Number of updated asset objects reloaded before import = 0
Number of asset objects unloaded after import = 1
========================================================================
Received Import Request.
  Time since last request: 0.000386 seconds.
  path: Assets/SteamVR/InteractionSystem/Poses/HappyBallPoseSqueezed.asset
  artifactKey: Guid(6dc41a1d6d2a48e41a7adc3e27f1a9ff) Importer(815301076,1909f56bfc062723c751e8b465ee728b)
Start importing Assets/SteamVR/InteractionSystem/Poses/HappyBallPoseSqueezed.asset using Guid(6dc41a1d6d2a48e41a7adc3e27f1a9ff) Importer(815301076,1909f56bfc062723c751e8b465ee728b)  -> (artifact id: '9a11cc0df337e1fe53689d78d59173f9') in 0.000551 seconds
Number of updated asset objects reloaded before import = 0
Number of asset objects unloaded after import = 1
========================================================================
Received Import Request.
  Time since last request: 0.000080 seconds.
  path: Assets/SteamVR/InteractionSystem/Poses/longbowPose.asset
  artifactKey: Guid(b11bd330216ce2944a1928a54925d7de) Importer(815301076,1909f56bfc062723c751e8b465ee728b)
Start importing Assets/SteamVR/InteractionSystem/Poses/longbowPose.asset using Guid(b11bd330216ce2944a1928a54925d7de) Importer(815301076,1909f56bfc062723c751e8b465ee728b)  -> (artifact id: 'dc1f130fc3aab987fd791d46f5d71fbf') in 0.000540 seconds
Number of updated asset objects reloaded before import = 0
Number of asset objects unloaded after import = 1
========================================================================
Received Import Request.
  Time since last request: 0.000006 seconds.
  path: Assets/SteamVR/InteractionSystem/Poses/sphereSmallPose.asset
  artifactKey: Guid(ccd16738d1f943640aa2aed1071a3897) Importer(815301076,1909f56bfc062723c751e8b465ee728b)
Start importing Assets/SteamVR/InteractionSystem/Poses/sphereSmallPose.asset using Guid(ccd16738d1f943640aa2aed1071a3897) Importer(815301076,1909f56bfc062723c751e8b465ee728b)  -> (artifact id: '47c43136380ad1528e75f52552ef3c52') in 0.000529 seconds
Number of updated asset objects reloaded before import = 0
Number of asset objects unloaded after import = 1
========================================================================
Received Import Request.
  Time since last request: 0.000122 seconds.
  path: Assets/SteamVR/InteractionSystem/Poses/SquishySqueeze.asset
  artifactKey: Guid(e89c10566133f4049b9923e9f4d6f50f) Importer(815301076,1909f56bfc062723c751e8b465ee728b)
Start importing Assets/SteamVR/InteractionSystem/Poses/SquishySqueeze.asset using Guid(e89c10566133f4049b9923e9f4d6f50f) Importer(815301076,1909f56bfc062723c751e8b465ee728b)  -> (artifact id: '7408ea6417429d03f75219def15ce001') in 0.000539 seconds
Number of updated asset objects reloaded before import = 0
Number of asset objects unloaded after import = 1
========================================================================
Received Import Request.
  Time since last request: 8.400795 seconds.
  path: Assets/SteamVR/InteractionSystem/Samples/Scripts
  artifactKey: Guid(39bd76f2a1f5f3d4fa65ddb1d3c4e978) Importer(815301076,1909f56bfc062723c751e8b465ee728b)
Start importing Assets/SteamVR/InteractionSystem/Samples/Scripts using Guid(39bd76f2a1f5f3d4fa65ddb1d3c4e978) Importer(815301076,1909f56bfc062723c751e8b465ee728b)  -> (artifact id: '2aaec5db91ba8c3611b9e3752cec7acc') in 0.000445 seconds
Number of updated asset objects reloaded before import = 0
Number of asset objects unloaded after import = 0
========================================================================
Received Import Request.
  Time since last request: 5.834168 seconds.
  path: Assets/SteamVR/InteractionSystem/Samples/Squishy
  artifactKey: Guid(5b6cb73554b08ce40803f7d5aaf49617) Importer(815301076,1909f56bfc062723c751e8b465ee728b)
Start importing Assets/SteamVR/InteractionSystem/Samples/Squishy using Guid(5b6cb73554b08ce40803f7d5aaf49617) Importer(815301076,1909f56bfc062723c751e8b465ee728b)  -> (artifact id: '5603abb8cf3ec1f36ecc71602afdaaec') in 0.000347 seconds
Number of updated asset objects reloaded before import = 0
Number of asset objects unloaded after import = 0
========================================================================
Received Import Request.
  Time since last request: 0.031750 seconds.
  path: Assets/SteamVR/InteractionSystem/Samples/Squishy/Squishy.fbx
  artifactKey: Guid(7b2f451dc7f3fad4f8b8342970631a0f) Importer(815301076,1909f56bfc062723c751e8b465ee728b)
Start importing Assets/SteamVR/InteractionSystem/Samples/Squishy/Squishy.fbx using Guid(7b2f451dc7f3fad4f8b8342970631a0f) Importer(815301076,1909f56bfc062723c751e8b465ee728b)  -> (artifact id: 'a4592708f1972261c191c6c218812c64') in 0.114485 seconds
Number of updated asset objects reloaded before import = 0
Number of asset objects unloaded after import = 14
========================================================================
Received Import Request.
  Time since last request: 3.675693 seconds.
  path: Assets/SteamVR/InteractionSystem/Samples/Textures
  artifactKey: Guid(303c0377fb1be1b4bac98a420b0d62bd) Importer(815301076,1909f56bfc062723c751e8b465ee728b)
Start importing Assets/SteamVR/InteractionSystem/Samples/Textures using Guid(303c0377fb1be1b4bac98a420b0d62bd) Importer(815301076,1909f56bfc062723c751e8b465ee728b)  -> (artifact id: '02b3778561a3ce84b556008ae9bfb080') in 0.000419 seconds
Number of updated asset objects reloaded before import = 0
Number of asset objects unloaded after import = 0
========================================================================
Received Import Request.
  Time since last request: 0.066368 seconds.
  path: Assets/SteamVR/InteractionSystem/Samples/Textures/checker.png
  artifactKey: Guid(ad562515403c3204cbdc9f1d5f899bfa) Importer(815301076,1909f56bfc062723c751e8b465ee728b)
Start importing Assets/SteamVR/InteractionSystem/Samples/Textures/checker.png using Guid(ad562515403c3204cbdc9f1d5f899bfa) Importer(815301076,1909f56bfc062723c751e8b465ee728b)  -> (artifact id: 'a7a9fccc4c96d37af8e2f3860cacaa14') in 0.076856 seconds
Number of updated asset objects reloaded before import = 0
Number of asset objects unloaded after import = 2
========================================================================
Received Import Request.
  Time since last request: 0.000017 seconds.
  path: Assets/SteamVR/InteractionSystem/Samples/Textures/TargetLO_target_MetallicSmoothness.png
  artifactKey: Guid(8c0dfeb7a8494f841b73f102f41f966a) Importer(815301076,1909f56bfc062723c751e8b465ee728b)
Start importing Assets/SteamVR/InteractionSystem/Samples/Textures/TargetLO_target_MetallicSmoothness.png using Guid(8c0dfeb7a8494f841b73f102f41f966a) Importer(815301076,1909f56bfc062723c751e8b465ee728b)  -> (artifact id: 'b7b2ffb649ce53e7281e2432183d530f') in 0.020009 seconds
Number of updated asset objects reloaded before import = 0
Number of asset objects unloaded after import = 2
========================================================================
Received Import Request.
  Time since last request: 0.000023 seconds.
  path: Assets/SteamVR/InteractionSystem/Samples/Textures/fabric.png
  artifactKey: Guid(f38d8e4ac87f9894fae9b325586a30c0) Importer(815301076,1909f56bfc062723c751e8b465ee728b)
Start importing Assets/SteamVR/InteractionSystem/Samples/Textures/fabric.png using Guid(f38d8e4ac87f9894fae9b325586a30c0) Importer(815301076,1909f56bfc062723c751e8b465ee728b)  -> (artifact id: 'f89c4741c99bbc73de6d84543b34bcbd') in 0.015166 seconds
Number of updated asset objects reloaded before import = 0
Number of asset objects unloaded after import = 2
========================================================================
Received Import Request.
  Time since last request: 0.000014 seconds.
  path: Assets/SteamVR/InteractionSystem/Samples/Textures/TargetLO_target_Normal.png
  artifactKey: Guid(065a5d485ea153f4581883639e62f352) Importer(815301076,1909f56bfc062723c751e8b465ee728b)
Start importing Assets/SteamVR/InteractionSystem/Samples/Textures/TargetLO_target_Normal.png using Guid(065a5d485ea153f4581883639e62f352) Importer(815301076,1909f56bfc062723c751e8b465ee728b)  -> (artifact id: 'c555953e59835a5dc4cc4bbdedbed79b') in 0.030720 seconds
Number of updated asset objects reloaded before import = 0
Number of asset objects unloaded after import = 2
========================================================================
Received Import Request.
  Time since last request: 5.060818 seconds.
  path: Assets/SteamVR/InteractionSystem/Samples/Interactions_Example.unity
  artifactKey: Guid(e3b77830391f10343929883b18f4d5ae) Importer(815301076,1909f56bfc062723c751e8b465ee728b)
Start importing Assets/SteamVR/InteractionSystem/Samples/Interactions_Example.unity using Guid(e3b77830391f10343929883b18f4d5ae) Importer(815301076,1909f56bfc062723c751e8b465ee728b)  -> (artifact id: '5bc798bd73140e60a82cdec187a89106') in 0.000415 seconds
Number of updated asset objects reloaded before import = 0
Number of asset objects unloaded after import = 0
========================================================================
Received Import Request.
  Time since last request: 4.185953 seconds.
  path: Assets/SteamVR/InteractionSystem/Samples/Grenade
  artifactKey: Guid(22af0dbe12a5d8b47ad8228e1327c222) Importer(815301076,1909f56bfc062723c751e8b465ee728b)
Start importing Assets/SteamVR/InteractionSystem/Samples/Grenade using Guid(22af0dbe12a5d8b47ad8228e1327c222) Importer(815301076,1909f56bfc062723c751e8b465ee728b)  -> (artifact id: '8e8c5ed1f9b5030b9acf332df4f19d73') in 0.000374 seconds
Number of updated asset objects reloaded before import = 0
Number of asset objects unloaded after import = 0
========================================================================
Received Import Request.
  Time since last request: 0.082598 seconds.
  path: Assets/SteamVR/InteractionSystem/Samples/Grenade/Grenade.fbx
  artifactKey: Guid(4fb2904dac114a24da3aa9af947011a4) Importer(815301076,1909f56bfc062723c751e8b465ee728b)
Start importing Assets/SteamVR/InteractionSystem/Samples/Grenade/Grenade.fbx using Guid(4fb2904dac114a24da3aa9af947011a4) Importer(815301076,1909f56bfc062723c751e8b465ee728b)  -> (artifact id: '00d372bbe458dc04cde04c5614da50ee') in 0.065600 seconds
Number of updated asset objects reloaded before import = 0
Number of asset objects unloaded after import = 12
========================================================================
Received Import Request.
  Time since last request: 19.147100 seconds.
  path: Assets/SteamVR/InteractionSystem/Samples/Animators
  artifactKey: Guid(e1c0e3b33fba81e4f854a8bc367fc1d7) Importer(815301076,1909f56bfc062723c751e8b465ee728b)
Start importing Assets/SteamVR/InteractionSystem/Samples/Animators using Guid(e1c0e3b33fba81e4f854a8bc367fc1d7) Importer(815301076,1909f56bfc062723c751e8b465ee728b)  -> (artifact id: 'cee1662e8811b06054a3bf48abedbf57') in 0.000491 seconds
Number of updated asset objects reloaded before import = 0
Number of asset objects unloaded after import = 0
========================================================================
Received Import Request.
  Time since last request: 462.653224 seconds.
  path: Assets/Scenes/SampleScene.unity
  artifactKey: Guid(9fc0d4010bbf28b4594072e72b8655ab) Importer(815301076,1909f56bfc062723c751e8b465ee728b)
Start importing Assets/Scenes/SampleScene.unity using Guid(9fc0d4010bbf28b4594072e72b8655ab) Importer(815301076,1909f56bfc062723c751e8b465ee728b)  -> (artifact id: 'a85bec50c8be757587fedfaade313866') in 0.000416 seconds
Number of updated asset objects reloaded before import = 0
Number of asset objects unloaded after import = 0
========================================================================
Received Import Request.
  Time since last request: 10.123957 seconds.
  path: Assets/New Terrain.asset
  artifactKey: Guid(529b1f98bc540fb409f11ab737fa3140) Importer(815301076,1909f56bfc062723c751e8b465ee728b)
Start importing Assets/New Terrain.asset using Guid(529b1f98bc540fb409f11ab737fa3140) Importer(815301076,1909f56bfc062723c751e8b465ee728b)  -> (artifact id: 'a6e50415dd2dc659ca47e3970d4fff6d') in 0.006129 seconds
Number of updated asset objects reloaded before import = 0
Number of asset objects unloaded after import = 1
========================================================================
Received Import Request.
  Time since last request: 22.424039 seconds.
  path: Assets/SteamVR/InteractionSystem/Samples/JoeJeff/Textures/PlatformController_PController_AlbedoTransparency.png
  artifactKey: Guid(5507e8f20e632b845b4aea2c27a0c225) Importer(815301076,1909f56bfc062723c751e8b465ee728b)
Start importing Assets/SteamVR/InteractionSystem/Samples/JoeJeff/Textures/PlatformController_PController_AlbedoTransparency.png using Guid(5507e8f20e632b845b4aea2c27a0c225) Importer(815301076,1909f56bfc062723c751e8b465ee728b)  -> (artifact id: '4c3e6d7afb04c78acc63fcb632b27e8c') in 0.017999 seconds
Number of updated asset objects reloaded before import = 0
Number of asset objects unloaded after import = 2
========================================================================
Received Import Request.
  Time since last request: 0.000019 seconds.
  path: Assets/SteamVR/InteractionSystem/Samples/JoeJeff/platformer.physicMaterial
  artifactKey: Guid(7c96990a8e2f1cc4ea46b9383d26bb7f) Importer(815301076,1909f56bfc062723c751e8b465ee728b)
Start importing Assets/SteamVR/InteractionSystem/Samples/JoeJeff/platformer.physicMaterial using Guid(7c96990a8e2f1cc4ea46b9383d26bb7f) Importer(815301076,1909f56bfc062723c751e8b465ee728b)  -> (artifact id: 'fa46721f170c930028cbe45c430c1372') in 0.001013 seconds
Number of updated asset objects reloaded before import = 0
Number of asset objects unloaded after import = 1
========================================================================
Received Import Request.
  Time since last request: 0.000016 seconds.
  path: Assets/SteamVR/InteractionSystem/Samples/JoeJeff/Textures/PlatformController_PController_MetallicSmoothness.png
  artifactKey: Guid(62cf64cc226fcc648aa55fbec5654323) Importer(815301076,1909f56bfc062723c751e8b465ee728b)
Start importing Assets/SteamVR/InteractionSystem/Samples/JoeJeff/Textures/PlatformController_PController_MetallicSmoothness.png using Guid(62cf64cc226fcc648aa55fbec5654323) Importer(815301076,1909f56bfc062723c751e8b465ee728b)  -> (artifact id: '8b58a0d158a0bcfef28bd0481aff81d3') in 0.014947 seconds
Number of updated asset objects reloaded before import = 0
Number of asset objects unloaded after import = 2
========================================================================
Received Import Request.
  Time since last request: 0.000017 seconds.
  path: Assets/SteamVR/InteractionSystem/Samples/JoeJeff/Textures/PlatformController_PController_Normal.png
  artifactKey: Guid(531b4709e0c844a4ea44d140478c731f) Importer(815301076,1909f56bfc062723c751e8b465ee728b)
Start importing Assets/SteamVR/InteractionSystem/Samples/JoeJeff/Textures/PlatformController_PController_Normal.png using Guid(531b4709e0c844a4ea44d140478c731f) Importer(815301076,1909f56bfc062723c751e8b465ee728b)  -> (artifact id: '3f97114b9b2a4ffd28177e8a57bc0789') in 0.019032 seconds
Number of updated asset objects reloaded before import = 0
Number of asset objects unloaded after import = 2
Editor requested this worker to shutdown with reason: Scaling down because of idle timeout
TcpMessagingSession - receive error
AssetImportWorkerClient::OnTransportError - code=2 error=End of file
AssetImportWorker is now disconnected from the server
Process exiting
Exiting without the bug reporter. Application will terminate with return code 0