Using pre-set license
Built from '2021.3/staging' branch; Version is '2021.3.36f1 (7a0645017be0) revision 7996997'; Using compiler version '192829333'; Build Type 'Release'
OS: 'Windows 11  (10.0.22000) 64bit Enterprise' Language: 'ru' Physical Memory: 15733 MB
BatchMode: 1, IsHumanControllingUs: 0, StartBugReporterOnCrash: 0, Is64bit: 1, IsPro: 1

COMMAND LINE ARGUMENTS:
C:\Program Files\Unity\Hub\Editor\2021.3.36f1\Editor\Unity.exe
-adb2
-batchMode
-noUpm
-name
AssetImportWorker1
-projectPath
C:/Users/student/for_vr_game/VR
-logFile
Logs/AssetImportWorker1.log
-srvPort
52475
Successfully changed project path to: C:/Users/student/for_vr_game/VR
C:/Users/student/for_vr_game/VR
[UnityMemory] Configuration Parameters - Can be set up in boot.config
    "memorysetup-bucket-allocator-granularity=16"
    "memorysetup-bucket-allocator-bucket-count=8"
    "memorysetup-bucket-allocator-block-size=33554432"
    "memorysetup-bucket-allocator-block-count=8"
    "memorysetup-main-allocator-block-size=16777216"
    "memorysetup-thread-allocator-block-size=16777216"
    "memorysetup-gfx-main-allocator-block-size=16777216"
    "memorysetup-gfx-thread-allocator-block-size=16777216"
    "memorysetup-cache-allocator-block-size=4194304"
    "memorysetup-typetree-allocator-block-size=2097152"
    "memorysetup-profiler-bucket-allocator-granularity=16"
    "memorysetup-profiler-bucket-allocator-bucket-count=8"
    "memorysetup-profiler-bucket-allocator-block-size=33554432"
    "memorysetup-profiler-bucket-allocator-block-count=8"
    "memorysetup-profiler-allocator-block-size=16777216"
    "memorysetup-profiler-editor-allocator-block-size=1048576"
    "memorysetup-temp-allocator-size-main=16777216"
    "memorysetup-job-temp-allocator-block-size=2097152"
    "memorysetup-job-temp-allocator-block-size-background=1048576"
    "memorysetup-job-temp-allocator-reduction-small-platforms=262144"
    "memorysetup-temp-allocator-size-background-worker=32768"
    "memorysetup-temp-allocator-size-job-worker=262144"
    "memorysetup-temp-allocator-size-preload-manager=33554432"
    "memorysetup-temp-allocator-size-nav-mesh-worker=65536"
    "memorysetup-temp-allocator-size-audio-worker=65536"
    "memorysetup-temp-allocator-size-cloud-worker=32768"
    "memorysetup-temp-allocator-size-gi-baking-worker=262144"
    "memorysetup-temp-allocator-size-gfx=262144"
Player connection [10956] Host "[IP] 192.168.116.107 [Port] 0 [Flags] 2 [Guid] 2740331007 [EditorId] 2740331007 [Version] 1048832 [Id] WindowsEditor(7,116-NB-07) [Debug] 1 [PackageName] WindowsEditor [ProjectName] Editor" joined multi-casting on [225.0.0.222:54997]...

Player connection [10956] Host "[IP] 192.168.116.107 [Port] 0 [Flags] 2 [Guid] 2740331007 [EditorId] 2740331007 [Version] 1048832 [Id] WindowsEditor(7,116-NB-07) [Debug] 1 [PackageName] WindowsEditor [ProjectName] Editor" joined alternative multi-casting on [225.0.0.222:34997]...

[Physics::Module] Initialized MultithreadedJobDispatcher with {0} workers.
Refreshing native plugins compatible for Editor in 119.71 ms, found 6 plugins.
Preloading 0 native plugins for Editor in 0.00 ms.
Initialize engine version: 2021.3.36f1 (7a0645017be0)
[Subsystems] Discovering subsystems at path C:/Program Files/Unity/Hub/Editor/2021.3.36f1/Editor/Data/Resources/UnitySubsystems
[Subsystems] Discovering subsystems at path C:/Users/student/for_vr_game/VR/Assets
GfxDevice: creating device client; threaded=0; jobified=0
Direct3D:
    Version:  Direct3D 11.0 [level 11.1]
    Renderer: AMD Radeon(TM) Graphics (ID=0x1636)
    Vendor:   ATI
    VRAM:     7866 MB
    Driver:   27.20.11044.7
Initialize mono
Mono path[0] = 'C:/Program Files/Unity/Hub/Editor/2021.3.36f1/Editor/Data/Managed'
Mono path[1] = 'C:/Program Files/Unity/Hub/Editor/2021.3.36f1/Editor/Data/MonoBleedingEdge/lib/mono/unityjit-win32'
Mono config path = 'C:/Program Files/Unity/Hub/Editor/2021.3.36f1/Editor/Data/MonoBleedingEdge/etc'
Using monoOptions --debugger-agent=transport=dt_socket,embedding=1,server=y,suspend=n,address=127.0.0.1:56184
Begin MonoManager ReloadAssembly
Registering precompiled unity dll's ...
Register platform support module: C:/Program Files/Unity/Hub/Editor/2021.3.36f1/Editor/Data/PlaybackEngines/iOSSupport/UnityEditor.iOS.Extensions.dll
Register platform support module: C:/Program Files/Unity/Hub/Editor/2021.3.36f1/Editor/Data/PlaybackEngines/WindowsStandaloneSupport/UnityEditor.WindowsStandalone.Extensions.dll
Registered in 0.007408 seconds.
Native extension for WindowsStandalone target not found
[usbmuxd] Start listen thread
[usbmuxd] Listen thread started
Native extension for iOS target not found
Refreshing native plugins compatible for Editor in 126.26 ms, found 6 plugins.
Preloading 0 native plugins for Editor in 0.00 ms.
Mono: successfully reloaded assembly
- Completed reload, in  1.070 seconds
Domain Reload Profiling:
	ReloadAssembly (1070ms)
		BeginReloadAssembly (136ms)
			ExecutionOrderSort (0ms)
			DisableScriptedObjects (0ms)
			BackupInstance (0ms)
			ReleaseScriptingObjects (0ms)
			CreateAndSetChildDomain (1ms)
		EndReloadAssembly (767ms)
			LoadAssemblies (133ms)
			RebuildTransferFunctionScriptingTraits (0ms)
			SetupTypeCache (155ms)
			ReleaseScriptCaches (0ms)
			RebuildScriptCaches (78ms)
			SetupLoadedEditorAssemblies (474ms)
				LogAssemblyErrors (0ms)
				InitializePlatformSupportModulesInManaged (54ms)
				SetLoadedEditorAssemblies (1ms)
				RefreshPlugins (126ms)
				BeforeProcessingInitializeOnLoad (2ms)
				ProcessInitializeOnLoadAttributes (215ms)
				ProcessInitializeOnLoadMethodAttributes (75ms)
				AfterProcessingInitializeOnLoad (0ms)
				EditorAssembliesLoaded (0ms)
			ExecutionOrderSort2 (0ms)
			AwakeInstancesAfterBackupRestoration (0ms)
Platform modules already initialized, skipping
Registering precompiled user dll's ...
Registered in 0.008258 seconds.
Begin MonoManager ReloadAssembly
Native extension for WindowsStandalone target not found
Native extension for iOS target not found
Refreshing native plugins compatible for Editor in 3.48 ms, found 6 plugins.
Preloading 0 native plugins for Editor in 0.00 ms.
Package Manager log level set to [2]
[Package Manager] Server::EnsureServerProcessIsRunning -- launch failed, reason: Unity was launched with the -noUpm command-line argument
[Package Manager] Cannot connect to Unity Package Manager local server
Mono: successfully reloaded assembly
- Completed reload, in  2.051 seconds
Domain Reload Profiling:
	ReloadAssembly (2052ms)
		BeginReloadAssembly (217ms)
			ExecutionOrderSort (0ms)
			DisableScriptedObjects (9ms)
			BackupInstance (0ms)
			ReleaseScriptingObjects (0ms)
			CreateAndSetChildDomain (31ms)
		EndReloadAssembly (1674ms)
			LoadAssemblies (145ms)
			RebuildTransferFunctionScriptingTraits (0ms)
			SetupTypeCache (432ms)
			ReleaseScriptCaches (1ms)
			RebuildScriptCaches (85ms)
			SetupLoadedEditorAssemblies (976ms)
				LogAssemblyErrors (0ms)
				InitializePlatformSupportModulesInManaged (32ms)
				SetLoadedEditorAssemblies (1ms)
				RefreshPlugins (4ms)
				BeforeProcessingInitializeOnLoad (122ms)
				ProcessInitializeOnLoadAttributes (773ms)
				ProcessInitializeOnLoadMethodAttributes (37ms)
				AfterProcessingInitializeOnLoad (9ms)
				EditorAssembliesLoaded (0ms)
			ExecutionOrderSort2 (0ms)
			AwakeInstancesAfterBackupRestoration (8ms)
Platform modules already initialized, skipping
========================================================================
Worker process is ready to serve import requests
Launched and connected shader compiler UnityShaderCompiler.exe after 0.08 seconds
Refreshing native plugins compatible for Editor in 0.86 ms, found 6 plugins.
Preloading 0 native plugins for Editor in 0.00 ms.
Unloading 3425 Unused Serialized files (Serialized files now loaded: 0)
Unloading 26 unused Assets / (46.7 KB). Loaded Objects now: 3905.
Memory consumption went from 138.5 MB to 138.5 MB.
Total: 4.599700 ms (FindLiveObjects: 0.588200 ms CreateObjectMapping: 0.256000 ms MarkObjects: 3.631600 ms  DeleteObjects: 0.121600 ms)

AssetImportParameters requested are different than current active one (requested -> active):
  custom:video-decoder-ogg-theora: a1e56fd34408186e4bbccfd4996cb3dc -> 
  custom:container-muxer-webm: aa71ff27fc2769a1b78a27578f13a17b -> 
  custom:container-demuxer-webm: 4f35f7cbe854078d1ac9338744f61a02 -> 
  custom:video-encoder-webm-vp8: eb34c28f22e8b96e1ab97ce403110664 -> 
  custom:CustomObjectIndexerAttribute: bc11b3a6c3213fcdd17b65e7da85e133 -> 
  custom:audio-encoder-webm-vorbis: bf7c407c2cedff20999df2af8eb42d56 -> 
  custom:framework-win-MediaFoundation: 216162199b28c13a410421893ffa2e32 -> 
  custom:SearchIndexIgnoredProperties: e643bd26f0fe6173181afceb89e7c659 -> 
  custom:container-demuxer-ogg: 62fdf1f143b41e24485cea50d1cbac27 -> 
  custom:video-decoder-webm-vp8: 9c59270c3fd7afecdb556c50c9e8de78 -> 
  custom:audio-decoder-ogg-vorbis: bf7c407c2cedff20999df2af8eb42d56 -> 
========================================================================
Received Import Request.
  Time since last request: 18490.561168 seconds.
  path: Assets/Scenes
  artifactKey: Guid(d2fb5e381603fc84a811fc699ea61e00) Importer(815301076,1909f56bfc062723c751e8b465ee728b)
Number of updated assets reloaded before import = 0
Start importing Assets/Scenes using Guid(d2fb5e381603fc84a811fc699ea61e00) Importer(815301076,1909f56bfc062723c751e8b465ee728b)  -> (artifact id: '48a4eed667b2c9582e8a4336a5cfaa47') in 0.018443 seconds 
Number of asset objects unloaded after import = 0
========================================================================
Received Prepare
Registering precompiled user dll's ...
Registered in 0.007084 seconds.
Begin MonoManager ReloadAssembly
Native extension for WindowsStandalone target not found
Native extension for iOS target not found
Refreshing native plugins compatible for Editor in 0.99 ms, found 6 plugins.
Preloading 0 native plugins for Editor in 0.00 ms.
[Package Manager] Server::EnsureServerProcessIsRunning -- launch failed, reason: Unity was launched with the -noUpm command-line argument
[Package Manager] Cannot connect to Unity Package Manager local server
[Package Manager] Server::EnsureServerProcessIsRunning -- launch failed, reason: Unity was launched with the -noUpm command-line argument
[Package Manager] Cannot connect to Unity Package Manager local server
[Package Manager] Server::EnsureServerProcessIsRunning -- launch failed, reason: Unity was launched with the -noUpm command-line argument
[Package Manager] Cannot connect to Unity Package Manager local server
[Package Manager] Server::EnsureServerProcessIsRunning -- launch failed, reason: Unity was launched with the -noUpm command-line argument
[Package Manager] Cannot connect to Unity Package Manager local server
Mono: successfully reloaded assembly
- Completed reload, in  1.881 seconds
Domain Reload Profiling:
	ReloadAssembly (1882ms)
		BeginReloadAssembly (217ms)
			ExecutionOrderSort (0ms)
			DisableScriptedObjects (6ms)
			BackupInstance (0ms)
			ReleaseScriptingObjects (0ms)
			CreateAndSetChildDomain (49ms)
		EndReloadAssembly (1521ms)
			LoadAssemblies (155ms)
			RebuildTransferFunctionScriptingTraits (0ms)
			SetupTypeCache (401ms)
			ReleaseScriptCaches (2ms)
			RebuildScriptCaches (59ms)
			SetupLoadedEditorAssemblies (880ms)
				LogAssemblyErrors (0ms)
				InitializePlatformSupportModulesInManaged (30ms)
				SetLoadedEditorAssemblies (1ms)
				RefreshPlugins (1ms)
				BeforeProcessingInitializeOnLoad (90ms)
				ProcessInitializeOnLoadAttributes (715ms)
				ProcessInitializeOnLoadMethodAttributes (34ms)
				AfterProcessingInitializeOnLoad (10ms)
				EditorAssembliesLoaded (0ms)
			ExecutionOrderSort2 (0ms)
			AwakeInstancesAfterBackupRestoration (8ms)
Platform modules already initialized, skipping
Refreshing native plugins compatible for Editor in 1.24 ms, found 6 plugins.
Preloading 0 native plugins for Editor in 0.00 ms.
Unloading 3385 Unused Serialized files (Serialized files now loaded: 0)
Unloading 21 unused Assets / (21.9 KB). Loaded Objects now: 3909.
Memory consumption went from 135.6 MB to 135.6 MB.
Total: 4.797000 ms (FindLiveObjects: 0.664000 ms CreateObjectMapping: 0.249000 ms MarkObjects: 3.810400 ms  DeleteObjects: 0.070500 ms)

AssetImportParameters requested are different than current active one (requested -> active):
  custom:video-decoder-ogg-theora: a1e56fd34408186e4bbccfd4996cb3dc -> 
  custom:container-muxer-webm: aa71ff27fc2769a1b78a27578f13a17b -> 
  custom:container-demuxer-webm: 4f35f7cbe854078d1ac9338744f61a02 -> 
  custom:video-encoder-webm-vp8: eb34c28f22e8b96e1ab97ce403110664 -> 
  custom:CustomObjectIndexerAttribute: bc11b3a6c3213fcdd17b65e7da85e133 -> 
  custom:audio-encoder-webm-vorbis: bf7c407c2cedff20999df2af8eb42d56 -> 
  custom:framework-win-MediaFoundation: 216162199b28c13a410421893ffa2e32 -> 
  custom:SearchIndexIgnoredProperties: e643bd26f0fe6173181afceb89e7c659 -> 
  custom:container-demuxer-ogg: 62fdf1f143b41e24485cea50d1cbac27 -> 
  custom:video-decoder-webm-vp8: 9c59270c3fd7afecdb556c50c9e8de78 -> 
  custom:audio-decoder-ogg-vorbis: bf7c407c2cedff20999df2af8eb42d56 -> 
========================================================================
Received Import Request.
  Time since last request: 87.566964 seconds.
  path: Assets/SteamVR/InteractionSystem/Samples/Prefabs/Buggy.prefab
  artifactKey: Guid(1e914d8e31fa95b488c87df17e68d504) Importer(815301076,1909f56bfc062723c751e8b465ee728b)
Number of updated assets reloaded before import = 0
Start importing Assets/SteamVR/InteractionSystem/Samples/Prefabs/Buggy.prefab using Guid(1e914d8e31fa95b488c87df17e68d504) Importer(815301076,1909f56bfc062723c751e8b465ee728b)  -> (artifact id: '85216896e167d66372bcf3ff574f8006') in 0.552434 seconds 
Number of asset objects unloaded after import = 114
========================================================================
Received Import Request.
  Time since last request: 0.000118 seconds.
  path: Assets/SteamVR/InteractionSystem/Samples/Prefabs/JoeJeffController.prefab
  artifactKey: Guid(b209c30bc3eb7884781069adc59ed447) Importer(815301076,1909f56bfc062723c751e8b465ee728b)
Number of updated assets reloaded before import = 0
Start importing Assets/SteamVR/InteractionSystem/Samples/Prefabs/JoeJeffController.prefab using Guid(b209c30bc3eb7884781069adc59ed447) Importer(815301076,1909f56bfc062723c751e8b465ee728b)  -> (artifact id: '88fcb620306f542d09c4710fe095307c') in 0.024968 seconds 
Number of asset objects unloaded after import = 24
========================================================================
Received Import Request.
  Time since last request: 0.000045 seconds.
  path: Assets/SteamVR/InteractionSystem/Samples/Prefabs/Flower.prefab
  artifactKey: Guid(8a2487c189a464148aadc3af2effa7c8) Importer(815301076,1909f56bfc062723c751e8b465ee728b)
Number of updated assets reloaded before import = 0
Start importing Assets/SteamVR/InteractionSystem/Samples/Prefabs/Flower.prefab using Guid(8a2487c189a464148aadc3af2effa7c8) Importer(815301076,1909f56bfc062723c751e8b465ee728b)  -> (artifact id: 'd4fbd16955381bfa5eca47bab94f24c1') in 0.022231 seconds 
Number of asset objects unloaded after import = 23
========================================================================
Received Import Request.
  Time since last request: 0.000024 seconds.
  path: Assets/SteamVR/InteractionSystem/Samples/Prefabs/ThrowableCube.prefab
  artifactKey: Guid(fb710a001890d9a44bb74a8ce4f20cc0) Importer(815301076,1909f56bfc062723c751e8b465ee728b)
Number of updated assets reloaded before import = 0
Start importing Assets/SteamVR/InteractionSystem/Samples/Prefabs/ThrowableCube.prefab using Guid(fb710a001890d9a44bb74a8ce4f20cc0) Importer(815301076,1909f56bfc062723c751e8b465ee728b)  -> (artifact id: '4e4ae72acbc30025f4bb3a113bc3319c') in 0.144229 seconds 
Number of asset objects unloaded after import = 132
========================================================================
Received Import Request.
  Time since last request: 0.000042 seconds.
  path: Assets/SteamVR/InteractionSystem/Samples/Prefabs/ThrowableBall.prefab
  artifactKey: Guid(e0b086fbb874df143b6ac8f53cea5424) Importer(815301076,1909f56bfc062723c751e8b465ee728b)
Number of updated assets reloaded before import = 0
Start importing Assets/SteamVR/InteractionSystem/Samples/Prefabs/ThrowableBall.prefab using Guid(e0b086fbb874df143b6ac8f53cea5424) Importer(815301076,1909f56bfc062723c751e8b465ee728b)  -> (artifact id: 'a3f9743929b9d1bf635f2be6bf2cac2c') in 0.071334 seconds 
Number of asset objects unloaded after import = 304
========================================================================
Received Import Request.
  Time since last request: 25.326977 seconds.
  path: Assets/Apartment_Door/Models/SimpleDoor.fbx
  artifactKey: Guid(f054e366653a7c14186595569de398f9) Importer(815301076,1909f56bfc062723c751e8b465ee728b)
Number of updated assets reloaded before import = 0
Start importing Assets/Apartment_Door/Models/SimpleDoor.fbx using Guid(f054e366653a7c14186595569de398f9) Importer(815301076,1909f56bfc062723c751e8b465ee728b)  -> (artifact id: '25ade6a4cf224b9c28269f238188a64d') in 0.363057 seconds 
Number of asset objects unloaded after import = 150
========================================================================
Received Import Request.
  Time since last request: 0.000050 seconds.
  path: Assets/Apartment_Door/Models/Materials/SimpleDoor_SimpleDoor_MainDoor_LOD0SG1.mat
  artifactKey: Guid(43fc48f3b2ba92844a93a8ce2da89399) Importer(815301076,1909f56bfc062723c751e8b465ee728b)
Number of updated assets reloaded before import = 0
Start importing Assets/Apartment_Door/Models/Materials/SimpleDoor_SimpleDoor_MainDoor_LOD0SG1.mat using Guid(43fc48f3b2ba92844a93a8ce2da89399) Importer(815301076,1909f56bfc062723c751e8b465ee728b)  -> (artifact id: 'f4da1711085212f02ca7815d8eb160f9') in 0.059569 seconds 
Number of asset objects unloaded after import = 1
========================================================================
Received Import Request.
  Time since last request: 0.000113 seconds.
  path: Assets/SteamVR/InteractionSystem/Samples/JoeJeff/Materials/Platformer.mat
  artifactKey: Guid(622239b2608324a43ad125e8ed14becc) Importer(815301076,1909f56bfc062723c751e8b465ee728b)
Number of updated assets reloaded before import = 0
Start importing Assets/SteamVR/InteractionSystem/Samples/JoeJeff/Materials/Platformer.mat using Guid(622239b2608324a43ad125e8ed14becc) Importer(815301076,1909f56bfc062723c751e8b465ee728b)  -> (artifact id: 'bca8353a5b0ef85c32d2f1e735909f89') in 0.023399 seconds 
Number of asset objects unloaded after import = 3
========================================================================
Received Import Request.
  Time since last request: 0.000048 seconds.
  path: Assets/SteamVR/InteractionSystem/Samples/JoeJeff/Textures/PlatformController_PController_AlbedoTransparency.png
  artifactKey: Guid(5507e8f20e632b845b4aea2c27a0c225) Importer(815301076,1909f56bfc062723c751e8b465ee728b)
Number of updated assets reloaded before import = 0
Start importing Assets/SteamVR/InteractionSystem/Samples/JoeJeff/Textures/PlatformController_PController_AlbedoTransparency.png using Guid(5507e8f20e632b845b4aea2c27a0c225) Importer(815301076,1909f56bfc062723c751e8b465ee728b)  -> (artifact id: 'b0784db85a07c2d1a004f07f958eb8eb') in 0.038542 seconds 
Number of asset objects unloaded after import = 2
========================================================================
Received Import Request.
  Time since last request: 0.000022 seconds.
  path: Assets/Apartment_Door/Textures/SimpleDoor/Simple Door LOD0_LOD0_AO.png
  artifactKey: Guid(68876c57e9d1a784ea8425f8381a0415) Importer(815301076,1909f56bfc062723c751e8b465ee728b)
Number of updated assets reloaded before import = 0
Start importing Assets/Apartment_Door/Textures/SimpleDoor/Simple Door LOD0_LOD0_AO.png using Guid(68876c57e9d1a784ea8425f8381a0415) Importer(815301076,1909f56bfc062723c751e8b465ee728b)  -> (artifact id: 'cf9322ae46ffe8a4217746da6597d5ed') in 0.022145 seconds 
Number of asset objects unloaded after import = 2
========================================================================
Received Import Request.
  Time since last request: 0.594623 seconds.
  path: Assets/SteamVR/InteractionSystem/Teleport/Materials/TeleportPlayspaceVisualize.mat
  artifactKey: Guid(e070196015a41bc419ea9e03ba170df5) Importer(815301076,1909f56bfc062723c751e8b465ee728b)
Number of updated assets reloaded before import = 0
Start importing Assets/SteamVR/InteractionSystem/Teleport/Materials/TeleportPlayspaceVisualize.mat using Guid(e070196015a41bc419ea9e03ba170df5) Importer(815301076,1909f56bfc062723c751e8b465ee728b)  -> (artifact id: '817f1a79b8188142c5badae9715fb22d') in 0.045514 seconds 
Number of asset objects unloaded after import = 2
========================================================================
Received Import Request.
  Time since last request: 0.000027 seconds.
  path: Assets/SteamVR/InteractionSystem/Teleport/Materials URP/URPTeleportPlayspaceVisualize.mat
  artifactKey: Guid(ced2760f8133c2743a275ba997adc9db) Importer(815301076,1909f56bfc062723c751e8b465ee728b)
Number of updated assets reloaded before import = 0
Start importing Assets/SteamVR/InteractionSystem/Teleport/Materials URP/URPTeleportPlayspaceVisualize.mat using Guid(ced2760f8133c2743a275ba997adc9db) Importer(815301076,1909f56bfc062723c751e8b465ee728b)  -> (artifact id: 'd72330ae6db2b676973132d6e9e7dfa6') in 0.021176 seconds 
Number of asset objects unloaded after import = 2
========================================================================
Received Import Request.
  Time since last request: 0.000029 seconds.
  path: Assets/SteamVR/InteractionSystem/Teleport/Materials URP/URPTeleportPlaySpace.mat
  artifactKey: Guid(1d3d8159663c8c94cbf05cd6b9d686b6) Importer(815301076,1909f56bfc062723c751e8b465ee728b)
Number of updated assets reloaded before import = 0
Start importing Assets/SteamVR/InteractionSystem/Teleport/Materials URP/URPTeleportPlaySpace.mat using Guid(1d3d8159663c8c94cbf05cd6b9d686b6) Importer(815301076,1909f56bfc062723c751e8b465ee728b)  -> (artifact id: '22ab26f0e903a47e61c1ec70a363ca25') in 0.020809 seconds 
Number of asset objects unloaded after import = 1
========================================================================
Received Import Request.
  Time since last request: 59.541615 seconds.
  path: Assets/SteamVR/InteractionSystem/Core/Prefabs/LeftRenderModel Alien.prefab
  artifactKey: Guid(d8d1e5711b2c77d48ac96e769aaff27a) Importer(815301076,1909f56bfc062723c751e8b465ee728b)
Number of updated assets reloaded before import = 0
Start importing Assets/SteamVR/InteractionSystem/Core/Prefabs/LeftRenderModel Alien.prefab using Guid(d8d1e5711b2c77d48ac96e769aaff27a) Importer(815301076,1909f56bfc062723c751e8b465ee728b)  -> (artifact id: '5e293b2c50d42aaa0373a60498f01d20') in 0.033068 seconds 
Number of asset objects unloaded after import = 142
========================================================================
Received Import Request.
  Time since last request: 0.000035 seconds.
  path: Assets/SteamVR/InteractionSystem/Core/Prefabs/RightRenderModel Slim.prefab
  artifactKey: Guid(837f93beb9a614743ae3a2c0ada7c388) Importer(815301076,1909f56bfc062723c751e8b465ee728b)
Number of updated assets reloaded before import = 0
Start importing Assets/SteamVR/InteractionSystem/Core/Prefabs/RightRenderModel Slim.prefab using Guid(837f93beb9a614743ae3a2c0ada7c388) Importer(815301076,1909f56bfc062723c751e8b465ee728b)  -> (artifact id: 'f7efbe0a5bc84f7ee97def8ddb2eaac4') in 0.021780 seconds 
Number of asset objects unloaded after import = 88
========================================================================
Received Import Request.
  Time since last request: 0.000025 seconds.
  path: Assets/SteamVR/InteractionSystem/Core/Prefabs/RightRenderModel Alien.prefab
  artifactKey: Guid(b3cb7e5f55e66cb40aea59db72c62365) Importer(815301076,1909f56bfc062723c751e8b465ee728b)
Number of updated assets reloaded before import = 0
Start importing Assets/SteamVR/InteractionSystem/Core/Prefabs/RightRenderModel Alien.prefab using Guid(b3cb7e5f55e66cb40aea59db72c62365) Importer(815301076,1909f56bfc062723c751e8b465ee728b)  -> (artifact id: '6d4ef7a1dff35b1c9aad802b568c9100') in 0.038251 seconds 
Number of asset objects unloaded after import = 142
========================================================================
Received Import Request.
  Time since last request: 0.000023 seconds.
  path: Assets/SteamVR/InteractionSystem/Core/Prefabs/RightRenderModel.prefab
  artifactKey: Guid(d07386f0ec952ec409dc7753bcf5746b) Importer(815301076,1909f56bfc062723c751e8b465ee728b)
Number of updated assets reloaded before import = 0
Start importing Assets/SteamVR/InteractionSystem/Core/Prefabs/RightRenderModel.prefab using Guid(d07386f0ec952ec409dc7753bcf5746b) Importer(815301076,1909f56bfc062723c751e8b465ee728b)  -> (artifact id: '5833fa9908761f71bab7cfa724877bbd') in 0.012920 seconds 
Number of asset objects unloaded after import = 88
========================================================================
Received Import Request.
  Time since last request: 198.324964 seconds.
  path: Assets/SteamVR/InteractionSystem/Longbow/Textures/ArrowGlint.png
  artifactKey: Guid(c4a7b02e27e148a47b782f8cd5cb598d) Importer(815301076,1909f56bfc062723c751e8b465ee728b)
Number of updated assets reloaded before import = 0
Start importing Assets/SteamVR/InteractionSystem/Longbow/Textures/ArrowGlint.png using Guid(c4a7b02e27e148a47b782f8cd5cb598d) Importer(815301076,1909f56bfc062723c751e8b465ee728b)  -> (artifact id: '5e7fc0003c0a4e1352f59af58c596931') in 0.017488 seconds 
Number of asset objects unloaded after import = 2
========================================================================
Received Import Request.
  Time since last request: 0.000023 seconds.
  path: Assets/SteamVR/InteractionSystem/Longbow/Models/Longbow.fbx
  artifactKey: Guid(e694f124da5bfd84d97e67e8c2719420) Importer(815301076,1909f56bfc062723c751e8b465ee728b)
Number of updated assets reloaded before import = 0
Start importing Assets/SteamVR/InteractionSystem/Longbow/Models/Longbow.fbx using Guid(e694f124da5bfd84d97e67e8c2719420) Importer(815301076,1909f56bfc062723c751e8b465ee728b)  -> (artifact id: 'da64546e756f2df598fbbd6455e5e741') in 0.092894 seconds 
Number of asset objects unloaded after import = 55
========================================================================
Received Import Request.
  Time since last request: 0.000036 seconds.
  path: Assets/SteamVR/Models/handFingers.mask
  artifactKey: Guid(822c72f828488434a89ef1d2b9372069) Importer(815301076,1909f56bfc062723c751e8b465ee728b)
Number of updated assets reloaded before import = 0
Start importing Assets/SteamVR/Models/handFingers.mask using Guid(822c72f828488434a89ef1d2b9372069) Importer(815301076,1909f56bfc062723c751e8b465ee728b)  -> (artifact id: 'f5d68fc5679023a35ee0e7dc043027d9') in 0.017526 seconds 
Number of asset objects unloaded after import = 1
========================================================================
Received Import Request.
  Time since last request: 0.000042 seconds.
  path: Assets/SteamVR/Models/vr_floppyHand.fbx
  artifactKey: Guid(395115150fc0faf40abd1994e7405303) Importer(815301076,1909f56bfc062723c751e8b465ee728b)
Number of updated assets reloaded before import = 0
Start importing Assets/SteamVR/Models/vr_floppyHand.fbx using Guid(395115150fc0faf40abd1994e7405303) Importer(815301076,1909f56bfc062723c751e8b465ee728b)  -> (artifact id: '818e95ecd9194c5cbfbe3961d5bfa975') in 0.077103 seconds 
Number of asset objects unloaded after import = 36
========================================================================
Received Import Request.
  Time since last request: 0.000026 seconds.
  path: Assets/SteamVR/InteractionSystem/Longbow/Prefabs/FireTiny.prefab
  artifactKey: Guid(a6990c59ffac7cf4b87f644ab4782007) Importer(815301076,1909f56bfc062723c751e8b465ee728b)
Number of updated assets reloaded before import = 0
Start importing Assets/SteamVR/InteractionSystem/Longbow/Prefabs/FireTiny.prefab using Guid(a6990c59ffac7cf4b87f644ab4782007) Importer(815301076,1909f56bfc062723c751e8b465ee728b)  -> (artifact id: '89562ff8cec2fe7bce2e18076079ccd4') in 0.054014 seconds 
Number of asset objects unloaded after import = 16
========================================================================
Received Import Request.
  Time since last request: 0.000029 seconds.
  path: Assets/SteamVR/InteractionSystem/Hints/Materials/ControllerButtonHints.mat
  artifactKey: Guid(11b050e661ec0cf48a289a7266451e91) Importer(815301076,1909f56bfc062723c751e8b465ee728b)
Number of updated assets reloaded before import = 0
Start importing Assets/SteamVR/InteractionSystem/Hints/Materials/ControllerButtonHints.mat using Guid(11b050e661ec0cf48a289a7266451e91) Importer(815301076,1909f56bfc062723c751e8b465ee728b)  -> (artifact id: '183f96ce98bd2c14a1983785eda1d8c5') in 0.019911 seconds 
Number of asset objects unloaded after import = 1
========================================================================
Received Import Request.
  Time since last request: 0.000036 seconds.
  path: Assets/SteamVR/InteractionSystem/Longbow/Sounds/BalloonInflate01.wav
  artifactKey: Guid(ddcfb4cc21e043948b5a84afe22d90f0) Importer(815301076,1909f56bfc062723c751e8b465ee728b)
Number of updated assets reloaded before import = 0
Start importing Assets/SteamVR/InteractionSystem/Longbow/Sounds/BalloonInflate01.wav using Guid(ddcfb4cc21e043948b5a84afe22d90f0) Importer(815301076,1909f56bfc062723c751e8b465ee728b)  -> (artifact id: '808efc050bb3cd084651142ca5f8aad6') in 0.159863 seconds 
Number of asset objects unloaded after import = 2
========================================================================
Received Import Request.
  Time since last request: 0.000045 seconds.
  path: Assets/SteamVR/InteractionSystem/Teleport/Materials/TeleportPointHighlighted.mat
  artifactKey: Guid(f71819766ca687246a2150260bcfc1c5) Importer(815301076,1909f56bfc062723c751e8b465ee728b)
Number of updated assets reloaded before import = 0
Start importing Assets/SteamVR/InteractionSystem/Teleport/Materials/TeleportPointHighlighted.mat using Guid(f71819766ca687246a2150260bcfc1c5) Importer(815301076,1909f56bfc062723c751e8b465ee728b)  -> (artifact id: 'eeb05766d0e281255dd76b799e22d000') in 0.024916 seconds 
Number of asset objects unloaded after import = 2
========================================================================
Received Import Request.
  Time since last request: 0.000041 seconds.
  path: Assets/SteamVR/InteractionSystem/Hints/Materials/URPControllerTextHintLine.mat
  artifactKey: Guid(d51c2116441c31e408cfcd6e44b1ff93) Importer(815301076,1909f56bfc062723c751e8b465ee728b)
Number of updated assets reloaded before import = 0
Start importing Assets/SteamVR/InteractionSystem/Hints/Materials/URPControllerTextHintLine.mat using Guid(d51c2116441c31e408cfcd6e44b1ff93) Importer(815301076,1909f56bfc062723c751e8b465ee728b)  -> (artifact id: '94768bd41ca12534ce6218f7bf0c7007') in 0.019911 seconds 
Number of asset objects unloaded after import = 1
========================================================================
Received Import Request.
  Time since last request: 0.000032 seconds.
  path: Assets/SteamVR/InteractionSystem/Teleport/Materials/TeleportPointLocked.mat
  artifactKey: Guid(f855134cdd14ab54fa2838027b3eec2f) Importer(815301076,1909f56bfc062723c751e8b465ee728b)
Number of updated assets reloaded before import = 0
Start importing Assets/SteamVR/InteractionSystem/Teleport/Materials/TeleportPointLocked.mat using Guid(f855134cdd14ab54fa2838027b3eec2f) Importer(815301076,1909f56bfc062723c751e8b465ee728b)  -> (artifact id: '5cae9e9375f77761b0c5a6e08337fad7') in 0.024035 seconds 
Number of asset objects unloaded after import = 2
========================================================================
Received Import Request.
  Time since last request: 0.000045 seconds.
  path: Assets/SteamVR/InteractionSystem/Teleport/Materials URP/URPTeleportPointVisible.mat
  artifactKey: Guid(bda4e134e1985594ea5aa36ca5a739e2) Importer(815301076,1909f56bfc062723c751e8b465ee728b)
Number of updated assets reloaded before import = 0
Start importing Assets/SteamVR/InteractionSystem/Teleport/Materials URP/URPTeleportPointVisible.mat using Guid(bda4e134e1985594ea5aa36ca5a739e2) Importer(815301076,1909f56bfc062723c751e8b465ee728b)  -> (artifact id: '69c7e1a207a718f2f620801febe88b77') in 0.021953 seconds 
Number of asset objects unloaded after import = 2
========================================================================
Received Import Request.
  Time since last request: 0.000030 seconds.
  path: Assets/SteamVR/InteractionSystem/Core/Icons/vr_interaction_system.png
  artifactKey: Guid(b93fe5c516cf6ed4b9153ec790f856e2) Importer(815301076,1909f56bfc062723c751e8b465ee728b)
Number of updated assets reloaded before import = 0
Start importing Assets/SteamVR/InteractionSystem/Core/Icons/vr_interaction_system.png using Guid(b93fe5c516cf6ed4b9153ec790f856e2) Importer(815301076,1909f56bfc062723c751e8b465ee728b)  -> (artifact id: '0070322bebbfb5477ee6067dc08da7f9') in 0.019202 seconds 
Number of asset objects unloaded after import = 2
========================================================================
Received Import Request.
  Time since last request: 0.000030 seconds.
  path: Assets/SteamVR/InteractionSystem/Teleport/Materials/TeleportPointer.mat
  artifactKey: Guid(140bd0e59d9bee94f9f0284c9eef5b32) Importer(815301076,1909f56bfc062723c751e8b465ee728b)
Number of updated assets reloaded before import = 0
Start importing Assets/SteamVR/InteractionSystem/Teleport/Materials/TeleportPointer.mat using Guid(140bd0e59d9bee94f9f0284c9eef5b32) Importer(815301076,1909f56bfc062723c751e8b465ee728b)  -> (artifact id: '1c96331ec63cbb3625afd910ef041ec5') in 0.021611 seconds 
Number of asset objects unloaded after import = 1
========================================================================
Received Import Request.
  Time since last request: 0.000027 seconds.
  path: Assets/SteamVR/InteractionSystem/Core/Icons/vr_interaction_system_unknown_hand.png
  artifactKey: Guid(77b322b27d7d39f4d91e479d19065d50) Importer(815301076,1909f56bfc062723c751e8b465ee728b)
Number of updated assets reloaded before import = 0
Start importing Assets/SteamVR/InteractionSystem/Core/Icons/vr_interaction_system_unknown_hand.png using Guid(77b322b27d7d39f4d91e479d19065d50) Importer(815301076,1909f56bfc062723c751e8b465ee728b)  -> (artifact id: '6226abd40d61347e2b5348be8677b584') in 0.018082 seconds 
Number of asset objects unloaded after import = 2
========================================================================
Received Import Request.
  Time since last request: 0.000032 seconds.
  path: Assets/SteamVR/InteractionSystem/Teleport/Materials/TeleportPointText.mat
  artifactKey: Guid(6e8b24558e6899742b276a1b6c480de1) Importer(815301076,1909f56bfc062723c751e8b465ee728b)
Number of updated assets reloaded before import = 0
Start importing Assets/SteamVR/InteractionSystem/Teleport/Materials/TeleportPointText.mat using Guid(6e8b24558e6899742b276a1b6c480de1) Importer(815301076,1909f56bfc062723c751e8b465ee728b)  -> (artifact id: 'e5bfd980a2af571d66fd5b59db78ce81') in 0.025521 seconds 
Number of asset objects unloaded after import = 1
========================================================================
Received Import Request.
  Time since last request: 0.000027 seconds.
  path: Assets/SteamVR/InteractionSystem/Core/Icons/vr_interaction_system_left_hand_question.png
  artifactKey: Guid(6789d499b24f8964c8bb06e21008e546) Importer(815301076,1909f56bfc062723c751e8b465ee728b)
Number of updated assets reloaded before import = 0
Start importing Assets/SteamVR/InteractionSystem/Core/Icons/vr_interaction_system_left_hand_question.png using Guid(6789d499b24f8964c8bb06e21008e546) Importer(815301076,1909f56bfc062723c751e8b465ee728b)  -> (artifact id: '3bdfe734c2dbabd7c033ee6e9e53ff9e') in 0.020161 seconds 
Number of asset objects unloaded after import = 2
========================================================================
Received Import Request.
  Time since last request: 0.000052 seconds.
  path: Assets/SteamVR/InteractionSystem/Teleport/Materials URP/URPTeleportPointer.mat
  artifactKey: Guid(da2a09186fc8dfa4c9f1c2933159f94f) Importer(815301076,1909f56bfc062723c751e8b465ee728b)
Number of updated assets reloaded before import = 0
Start importing Assets/SteamVR/InteractionSystem/Teleport/Materials URP/URPTeleportPointer.mat using Guid(da2a09186fc8dfa4c9f1c2933159f94f) Importer(815301076,1909f56bfc062723c751e8b465ee728b)  -> (artifact id: 'ed6ce0def79fa61b64172f480cbe17e4') in 0.019364 seconds 
Number of asset objects unloaded after import = 1
========================================================================
Received Import Request.
  Time since last request: 0.000033 seconds.
  path: Assets/SteamVR/InteractionSystem/Core/Icons/vr_interaction_system_right_hand_question.png
  artifactKey: Guid(90173f9e9e795f74ca97ccc52fe410cd) Importer(815301076,1909f56bfc062723c751e8b465ee728b)
Number of updated assets reloaded before import = 0
Start importing Assets/SteamVR/InteractionSystem/Core/Icons/vr_interaction_system_right_hand_question.png using Guid(90173f9e9e795f74ca97ccc52fe410cd) Importer(815301076,1909f56bfc062723c751e8b465ee728b)  -> (artifact id: 'f222b5c173b3f4cd0f1a1b0104dea2b3') in 0.020079 seconds 
Number of asset objects unloaded after import = 2
========================================================================
Received Import Request.
  Time since last request: 0.000054 seconds.
  path: Assets/SteamVR/InteractionSystem/Hints/Materials/ControllerTextHintLine.mat
  artifactKey: Guid(fa05b1dac59aa764184da0aba83b2bf9) Importer(815301076,1909f56bfc062723c751e8b465ee728b)
Number of updated assets reloaded before import = 0
Start importing Assets/SteamVR/InteractionSystem/Hints/Materials/ControllerTextHintLine.mat using Guid(fa05b1dac59aa764184da0aba83b2bf9) Importer(815301076,1909f56bfc062723c751e8b465ee728b)  -> (artifact id: '0e198e8c16c648731efad2a0ed18d869') in 0.020683 seconds 
Number of asset objects unloaded after import = 1
========================================================================
Received Import Request.
  Time since last request: 0.000028 seconds.
  path: Assets/SteamVR/InteractionSystem/Teleport/Prefabs/TeleportPoint.prefab
  artifactKey: Guid(73ac470d3d909d645a6c89a4664b6849) Importer(815301076,1909f56bfc062723c751e8b465ee728b)
Number of updated assets reloaded before import = 0
Start importing Assets/SteamVR/InteractionSystem/Teleport/Prefabs/TeleportPoint.prefab using Guid(73ac470d3d909d645a6c89a4664b6849) Importer(815301076,1909f56bfc062723c751e8b465ee728b)  -> (artifact id: '589d011bb4519a75f101166538eca17e') in 0.036764 seconds 
Number of asset objects unloaded after import = 49
========================================================================
Received Import Request.
  Time since last request: 37.529545 seconds.
  path: Assets/SteamVR/InteractionSystem/Longbow/Textures/ArrowMetallicSmoothness.png
  artifactKey: Guid(90891b0a7924dee4a87b2a107431c9f9) Importer(815301076,1909f56bfc062723c751e8b465ee728b)
Number of updated assets reloaded before import = 0
Start importing Assets/SteamVR/InteractionSystem/Longbow/Textures/ArrowMetallicSmoothness.png using Guid(90891b0a7924dee4a87b2a107431c9f9) Importer(815301076,1909f56bfc062723c751e8b465ee728b)  -> (artifact id: '3efb8273491f7a1c2807127bce4f259f') in 0.025917 seconds 
Number of asset objects unloaded after import = 2
========================================================================
Received Import Request.
  Time since last request: 0.000033 seconds.
  path: Assets/SteamVR/InteractionSystem/Samples/BuggyBuddy/Textures/controlerbuggy_LO_BuggyController_MetallicSmoothness.png
  artifactKey: Guid(f953b4ec1bb0a834cadc594cf2a5bca0) Importer(815301076,1909f56bfc062723c751e8b465ee728b)
Number of updated assets reloaded before import = 0
Start importing Assets/SteamVR/InteractionSystem/Samples/BuggyBuddy/Textures/controlerbuggy_LO_BuggyController_MetallicSmoothness.png using Guid(f953b4ec1bb0a834cadc594cf2a5bca0) Importer(815301076,1909f56bfc062723c751e8b465ee728b)  -> (artifact id: 'e058d20e22341baf8c14991c7ff6abe6') in 0.023885 seconds 
Number of asset objects unloaded after import = 2
========================================================================
Received Import Request.
  Time since last request: 0.000033 seconds.
  path: Assets/SteamVR/InteractionSystem/Samples/Models/Materials/Furniture_MetallicSmoothness.png
  artifactKey: Guid(7d025787045f1a34d88f9d9a15d0d5ca) Importer(815301076,1909f56bfc062723c751e8b465ee728b)
Number of updated assets reloaded before import = 0
Start importing Assets/SteamVR/InteractionSystem/Samples/Models/Materials/Furniture_MetallicSmoothness.png using Guid(7d025787045f1a34d88f9d9a15d0d5ca) Importer(815301076,1909f56bfc062723c751e8b465ee728b)  -> (artifact id: '10623525fbf8f30a16b222c2cafaeaf4') in 0.022713 seconds 
Number of asset objects unloaded after import = 2
========================================================================
Received Import Request.
  Time since last request: 0.000030 seconds.
  path: Assets/SteamVR/InteractionSystem/Samples/Textures/TargetLO_target_MetallicSmoothness.png
  artifactKey: Guid(8c0dfeb7a8494f841b73f102f41f966a) Importer(815301076,1909f56bfc062723c751e8b465ee728b)
Number of updated assets reloaded before import = 0
Start importing Assets/SteamVR/InteractionSystem/Samples/Textures/TargetLO_target_MetallicSmoothness.png using Guid(8c0dfeb7a8494f841b73f102f41f966a) Importer(815301076,1909f56bfc062723c751e8b465ee728b)  -> (artifact id: 'e625f62124e9800b65de5089b1f09564') in 0.022351 seconds 
Number of asset objects unloaded after import = 2
========================================================================
Received Import Request.
  Time since last request: 0.000029 seconds.
  path: Assets/SteamVR/InteractionSystem/Samples/JoeJeff/Textures/JJHat_JJHat_MetallicSmoothness.png
  artifactKey: Guid(dac44591bd81b3a42903ba2e28b8de55) Importer(815301076,1909f56bfc062723c751e8b465ee728b)
Number of updated assets reloaded before import = 0
Start importing Assets/SteamVR/InteractionSystem/Samples/JoeJeff/Textures/JJHat_JJHat_MetallicSmoothness.png using Guid(dac44591bd81b3a42903ba2e28b8de55) Importer(815301076,1909f56bfc062723c751e8b465ee728b)  -> (artifact id: '75514d93cdae94b87032af9d2ec0ade2') in 0.020911 seconds 
Number of asset objects unloaded after import = 2
========================================================================
Received Import Request.
  Time since last request: 0.000031 seconds.
  path: Assets/Japanese Garden Pack/Materials/Textures/SmoothRock/TexturesCom_RockSmooth0077_1_seamless_S_NRM.png
  artifactKey: Guid(a9108baea1a288e42b7883d3d6d0d2e1) Importer(815301076,1909f56bfc062723c751e8b465ee728b)
Number of updated assets reloaded before import = 0
Start importing Assets/Japanese Garden Pack/Materials/Textures/SmoothRock/TexturesCom_RockSmooth0077_1_seamless_S_NRM.png using Guid(a9108baea1a288e42b7883d3d6d0d2e1) Importer(815301076,1909f56bfc062723c751e8b465ee728b)  -> (artifact id: '8ec9d3187cd7d8dacf572679d3d964b7') in 0.038899 seconds 
Number of asset objects unloaded after import = 2
========================================================================
Received Import Request.
  Time since last request: 0.000042 seconds.
  path: Assets/SteamVR/InteractionSystem/Samples/JoeJeff/Textures/JoeJeff_MetallicSmoothness.png
  artifactKey: Guid(96bd2760927f90943b0441b2127b5a51) Importer(815301076,1909f56bfc062723c751e8b465ee728b)
Number of updated assets reloaded before import = 0
Start importing Assets/SteamVR/InteractionSystem/Samples/JoeJeff/Textures/JoeJeff_MetallicSmoothness.png using Guid(96bd2760927f90943b0441b2127b5a51) Importer(815301076,1909f56bfc062723c751e8b465ee728b)  -> (artifact id: '7cb763ee1d4eb314395b82ba69b16cb0') in 0.022725 seconds 
Number of asset objects unloaded after import = 2
========================================================================
Received Import Request.
  Time since last request: 0.000041 seconds.
  path: Assets/SteamVR/InteractionSystem/Samples/Materials/ThrowingTarget.mat
  artifactKey: Guid(374354984cbc08b47ba979c830d8e59d) Importer(815301076,1909f56bfc062723c751e8b465ee728b)
Number of updated assets reloaded before import = 0
Start importing Assets/SteamVR/InteractionSystem/Samples/Materials/ThrowingTarget.mat using Guid(374354984cbc08b47ba979c830d8e59d) Importer(815301076,1909f56bfc062723c751e8b465ee728b)  -> (artifact id: 'e3295b5fbbdc52615be995d1206218e1') in 0.029859 seconds 
Number of asset objects unloaded after import = 4
========================================================================
Received Import Request.
  Time since last request: 0.000042 seconds.
  path: Assets/Japanese Garden Pack/Materials/Textures/SmoothRock/TexturesCom_RockSmooth0077_1_seamless_S_DISP.png
  artifactKey: Guid(42a12034c4868a848ba5394541fefaff) Importer(815301076,1909f56bfc062723c751e8b465ee728b)
Number of updated assets reloaded before import = 0
Start importing Assets/Japanese Garden Pack/Materials/Textures/SmoothRock/TexturesCom_RockSmooth0077_1_seamless_S_DISP.png using Guid(42a12034c4868a848ba5394541fefaff) Importer(815301076,1909f56bfc062723c751e8b465ee728b)  -> (artifact id: 'a2a90824c0f4c204a9097235bfddba14') in 0.030329 seconds 
Number of asset objects unloaded after import = 2
========================================================================
Received Import Request.
  Time since last request: 0.000033 seconds.
  path: Assets/SteamVR/InteractionSystem/Longbow/Materials/ItemPickupOutlineThick.mat
  artifactKey: Guid(425031c746a6df44aa1dfdb17c2b8b45) Importer(815301076,1909f56bfc062723c751e8b465ee728b)
Number of updated assets reloaded before import = 0
Start importing Assets/SteamVR/InteractionSystem/Longbow/Materials/ItemPickupOutlineThick.mat using Guid(425031c746a6df44aa1dfdb17c2b8b45) Importer(815301076,1909f56bfc062723c751e8b465ee728b)  -> (artifact id: '0c3bdda2a9a084c24ea5dbc1c76c0181') in 0.043937 seconds 
Number of asset objects unloaded after import = 1
========================================================================
Received Import Request.
  Time since last request: 0.000040 seconds.
  path: Assets/SteamVR/InteractionSystem/Core/Materials/SeeThru.mat
  artifactKey: Guid(3bbb445147c574240a8b87a1193788b5) Importer(815301076,1909f56bfc062723c751e8b465ee728b)
Number of updated assets reloaded before import = 0
Start importing Assets/SteamVR/InteractionSystem/Core/Materials/SeeThru.mat using Guid(3bbb445147c574240a8b87a1193788b5) Importer(815301076,1909f56bfc062723c751e8b465ee728b)  -> (artifact id: 'c6a40c7386208daa5ab393733d75df89') in 0.025808 seconds 
Number of asset objects unloaded after import = 1
========================================================================
Received Import Request.
  Time since last request: 0.000039 seconds.
  path: Assets/SteamVR/Input/Editor/Resources/Icons/handmask_Thumb.png
  artifactKey: Guid(764dada5864e19440bb07e24e684e950) Importer(815301076,1909f56bfc062723c751e8b465ee728b)
Number of updated assets reloaded before import = 0
Start importing Assets/SteamVR/Input/Editor/Resources/Icons/handmask_Thumb.png using Guid(764dada5864e19440bb07e24e684e950) Importer(815301076,1909f56bfc062723c751e8b465ee728b)  -> (artifact id: 'b7898d111c315e3df595ab5faf6c9619') in 0.019814 seconds 
Number of asset objects unloaded after import = 2
========================================================================
Received Import Request.
  Time since last request: 0.000074 seconds.
  path: Assets/SteamVR/InteractionSystem/Samples/Squishy/Textures/Squishy_Squish_MetallicSmoothness.png
  artifactKey: Guid(f8f6383ff3580e748824e6b7f2b7b776) Importer(815301076,1909f56bfc062723c751e8b465ee728b)
Number of updated assets reloaded before import = 0
Start importing Assets/SteamVR/InteractionSystem/Samples/Squishy/Textures/Squishy_Squish_MetallicSmoothness.png using Guid(f8f6383ff3580e748824e6b7f2b7b776) Importer(815301076,1909f56bfc062723c751e8b465ee728b)  -> (artifact id: '92b395d42daef756adeaccc98035ff7a') in 0.020248 seconds 
Number of asset objects unloaded after import = 2
========================================================================
Received Import Request.
  Time since last request: 3.847178 seconds.
  path: Assets/SteamVR/InteractionSystem/Longbow/Textures/ArrowAlbedoTransparency.png
  artifactKey: Guid(0f09256f7da973b45a660eefd832b56b) Importer(815301076,1909f56bfc062723c751e8b465ee728b)
Number of updated assets reloaded before import = 0
Start importing Assets/SteamVR/InteractionSystem/Longbow/Textures/ArrowAlbedoTransparency.png using Guid(0f09256f7da973b45a660eefd832b56b) Importer(815301076,1909f56bfc062723c751e8b465ee728b)  -> (artifact id: '71ccf650134f312131f8736c883a3c87') in 0.018229 seconds 
Number of asset objects unloaded after import = 2
========================================================================
Received Import Request.
  Time since last request: 0.000031 seconds.
  path: Assets/Apartment_Door/Prefabs/FPS_Controller.prefab
  artifactKey: Guid(7817ba0fa318d114d9609cf9a8813ed4) Importer(815301076,1909f56bfc062723c751e8b465ee728b)
Number of updated assets reloaded before import = 0
Start importing Assets/Apartment_Door/Prefabs/FPS_Controller.prefab using Guid(7817ba0fa318d114d9609cf9a8813ed4) Importer(815301076,1909f56bfc062723c751e8b465ee728b)  -> (artifact id: '312d22052e7fe7285153e888d7332624') in 0.028716 seconds 
Number of asset objects unloaded after import = 11
========================================================================
Received Import Request.
  Time since last request: 0.000032 seconds.
  path: Assets/SteamVR/InteractionSystem/Samples/JoeJeff/Textures/JJHat_JJHat_AlbedoTransparency.png
  artifactKey: Guid(b7b3dd92428b96e4fa1341587cfc19f2) Importer(815301076,1909f56bfc062723c751e8b465ee728b)
Number of updated assets reloaded before import = 0
Start importing Assets/SteamVR/InteractionSystem/Samples/JoeJeff/Textures/JJHat_JJHat_AlbedoTransparency.png using Guid(b7b3dd92428b96e4fa1341587cfc19f2) Importer(815301076,1909f56bfc062723c751e8b465ee728b)  -> (artifact id: 'e7f5df501d2ca10e6b4dcd716c4c5e13') in 0.026329 seconds 
Number of asset objects unloaded after import = 2
========================================================================
Received Import Request.
  Time since last request: 0.000026 seconds.
  path: Assets/Mini First Person Controller/First Person Controller.prefab
  artifactKey: Guid(11aaea5348574644a9eb4f4504fcce3f) Importer(815301076,1909f56bfc062723c751e8b465ee728b)
Number of updated assets reloaded before import = 0
Start importing Assets/Mini First Person Controller/First Person Controller.prefab using Guid(11aaea5348574644a9eb4f4504fcce3f) Importer(815301076,1909f56bfc062723c751e8b465ee728b)  -> (artifact id: 'ebf47f6a1fd74cfc96dc8cc916b2fea9') in 0.038537 seconds 
Number of asset objects unloaded after import = 62
========================================================================
Received Import Request.
  Time since last request: 0.000031 seconds.
  path: Assets/SteamVR/InteractionSystem/Samples/BuggyBuddy/Materials/BuggyController.mat
  artifactKey: Guid(8429e69bebe55ae4392d143cc550134f) Importer(815301076,1909f56bfc062723c751e8b465ee728b)
Number of updated assets reloaded before import = 0
Start importing Assets/SteamVR/InteractionSystem/Samples/BuggyBuddy/Materials/BuggyController.mat using Guid(8429e69bebe55ae4392d143cc550134f) Importer(815301076,1909f56bfc062723c751e8b465ee728b)  -> (artifact id: '3a16103f96f16437af2a0ac76a780f97') in 0.038983 seconds 
Number of asset objects unloaded after import = 5
========================================================================
Received Import Request.
  Time since last request: 0.000108 seconds.
  path: Assets/SteamVR/InteractionSystem/Samples/Models/Materials/Furniture_AlbedoTransparency.png
  artifactKey: Guid(f209c99394eca224b90cb94fca3e17c1) Importer(815301076,1909f56bfc062723c751e8b465ee728b)
Number of updated assets reloaded before import = 0
Start importing Assets/SteamVR/InteractionSystem/Samples/Models/Materials/Furniture_AlbedoTransparency.png using Guid(f209c99394eca224b90cb94fca3e17c1) Importer(815301076,1909f56bfc062723c751e8b465ee728b)  -> (artifact id: '725230fe85ccbe8c7dc48c9a535c1554') in 0.020978 seconds 
Number of asset objects unloaded after import = 2
========================================================================
Received Import Request.
  Time since last request: 0.000025 seconds.
  path: Assets/SteamVR/InteractionSystem/Samples/Textures/oldControllerVelocity.png
  artifactKey: Guid(1b0a81148594a0145a30fb42626127ea) Importer(815301076,1909f56bfc062723c751e8b465ee728b)
Number of updated assets reloaded before import = 0
Start importing Assets/SteamVR/InteractionSystem/Samples/Textures/oldControllerVelocity.png using Guid(1b0a81148594a0145a30fb42626127ea) Importer(815301076,1909f56bfc062723c751e8b465ee728b)  -> (artifact id: 'e9f2c4cf37625ddd127895765e7f4388') in 0.022558 seconds 
Number of asset objects unloaded after import = 2
========================================================================
Received Import Request.
  Time since last request: 0.000030 seconds.
  path: Assets/SteamVR/InteractionSystem/Samples/JoeJeff/JoeJeffController.fbx
  artifactKey: Guid(076d897164a32834791fe9bd812ed21d) Importer(815301076,1909f56bfc062723c751e8b465ee728b)
Number of updated assets reloaded before import = 0
Start importing Assets/SteamVR/InteractionSystem/Samples/JoeJeff/JoeJeffController.fbx using Guid(076d897164a32834791fe9bd812ed21d) Importer(815301076,1909f56bfc062723c751e8b465ee728b)  -> (artifact id: '6525a9b5971b4aa67833a86e9c619f44') in 0.054299 seconds 
Number of asset objects unloaded after import = 17
========================================================================
Received Import Request.
  Time since last request: 0.000026 seconds.
  path: Assets/SteamVR/Models/vr_hand_grabposes.fbx
  artifactKey: Guid(5b1b3324d9af1db498a8cb294cc8d274) Importer(815301076,1909f56bfc062723c751e8b465ee728b)
Number of updated assets reloaded before import = 0
Start importing Assets/SteamVR/Models/vr_hand_grabposes.fbx using Guid(5b1b3324d9af1db498a8cb294cc8d274) Importer(815301076,1909f56bfc062723c751e8b465ee728b)  -> (artifact id: 'a4614f024b05f79dc49997a13d681b92') in 0.048327 seconds 
Number of asset objects unloaded after import = 103
========================================================================
Received Prepare
Registering precompiled user dll's ...
Registered in 0.008718 seconds.
Begin MonoManager ReloadAssembly
Native extension for WindowsStandalone target not found
Native extension for iOS target not found
Refreshing native plugins compatible for Editor in 0.89 ms, found 6 plugins.
Preloading 0 native plugins for Editor in 0.00 ms.
[Package Manager] Server::EnsureServerProcessIsRunning -- launch failed, reason: Unity was launched with the -noUpm command-line argument
[Package Manager] Cannot connect to Unity Package Manager local server
[Package Manager] Server::EnsureServerProcessIsRunning -- launch failed, reason: Unity was launched with the -noUpm command-line argument
[Package Manager] Cannot connect to Unity Package Manager local server
[Package Manager] Server::EnsureServerProcessIsRunning -- launch failed, reason: Unity was launched with the -noUpm command-line argument
[Package Manager] Cannot connect to Unity Package Manager local server
Mono: successfully reloaded assembly
- Completed reload, in  1.815 seconds
Domain Reload Profiling:
	ReloadAssembly (1816ms)
		BeginReloadAssembly (224ms)
			ExecutionOrderSort (0ms)
			DisableScriptedObjects (6ms)
			BackupInstance (0ms)
			ReleaseScriptingObjects (0ms)
			CreateAndSetChildDomain (58ms)
		EndReloadAssembly (1455ms)
			LoadAssemblies (158ms)
			RebuildTransferFunctionScriptingTraits (0ms)
			SetupTypeCache (416ms)
			ReleaseScriptCaches (2ms)
			RebuildScriptCaches (65ms)
			SetupLoadedEditorAssemblies (798ms)
				LogAssemblyErrors (0ms)
				InitializePlatformSupportModulesInManaged (28ms)
				SetLoadedEditorAssemblies (1ms)
				RefreshPlugins (1ms)
				BeforeProcessingInitializeOnLoad (86ms)
				ProcessInitializeOnLoadAttributes (647ms)
				ProcessInitializeOnLoadMethodAttributes (28ms)
				AfterProcessingInitializeOnLoad (7ms)
				EditorAssembliesLoaded (0ms)
			ExecutionOrderSort2 (0ms)
			AwakeInstancesAfterBackupRestoration (8ms)
Platform modules already initialized, skipping
Refreshing native plugins compatible for Editor in 1.05 ms, found 6 plugins.
Preloading 0 native plugins for Editor in 0.00 ms.
Unloading 3385 Unused Serialized files (Serialized files now loaded: 0)
Unloading 21 unused Assets / (23.0 KB). Loaded Objects now: 3974.
Memory consumption went from 153.6 MB to 153.6 MB.
Total: 5.062600 ms (FindLiveObjects: 0.555200 ms CreateObjectMapping: 0.278600 ms MarkObjects: 4.154800 ms  DeleteObjects: 0.072400 ms)

AssetImportParameters requested are different than current active one (requested -> active):
  custom:video-decoder-ogg-theora: a1e56fd34408186e4bbccfd4996cb3dc -> 
  custom:container-muxer-webm: aa71ff27fc2769a1b78a27578f13a17b -> 
  custom:container-demuxer-webm: 4f35f7cbe854078d1ac9338744f61a02 -> 
  custom:video-encoder-webm-vp8: eb34c28f22e8b96e1ab97ce403110664 -> 
  custom:CustomObjectIndexerAttribute: bc11b3a6c3213fcdd17b65e7da85e133 -> 
  custom:audio-encoder-webm-vorbis: bf7c407c2cedff20999df2af8eb42d56 -> 
  custom:framework-win-MediaFoundation: 216162199b28c13a410421893ffa2e32 -> 
  custom:SearchIndexIgnoredProperties: e643bd26f0fe6173181afceb89e7c659 -> 
  custom:container-demuxer-ogg: 62fdf1f143b41e24485cea50d1cbac27 -> 
  custom:video-decoder-webm-vp8: 9c59270c3fd7afecdb556c50c9e8de78 -> 
  custom:audio-decoder-ogg-vorbis: bf7c407c2cedff20999df2af8eb42d56 -> 
========================================================================
Received Prepare
Refreshing native plugins compatible for Editor in 4.73 ms, found 6 plugins.
Preloading 0 native plugins for Editor in 0.00 ms.
Unloading 18 Unused Serialized files (Serialized files now loaded: 0)
Unloading 18 unused Assets / (21.9 KB). Loaded Objects now: 3974.
Memory consumption went from 86.2 MB to 86.2 MB.
Total: 3.252600 ms (FindLiveObjects: 0.467400 ms CreateObjectMapping: 0.114100 ms MarkObjects: 2.641700 ms  DeleteObjects: 0.027900 ms)

AssetImportParameters requested are different than current active one (requested -> active):
  custom:video-decoder-ogg-theora: a1e56fd34408186e4bbccfd4996cb3dc -> 
  custom:container-muxer-webm: aa71ff27fc2769a1b78a27578f13a17b -> 
  custom:container-demuxer-webm: 4f35f7cbe854078d1ac9338744f61a02 -> 
  custom:video-encoder-webm-vp8: eb34c28f22e8b96e1ab97ce403110664 -> 
  custom:CustomObjectIndexerAttribute: bc11b3a6c3213fcdd17b65e7da85e133 -> 
  custom:audio-encoder-webm-vorbis: bf7c407c2cedff20999df2af8eb42d56 -> 
  custom:framework-win-MediaFoundation: 216162199b28c13a410421893ffa2e32 -> 
  custom:SearchIndexIgnoredProperties: e643bd26f0fe6173181afceb89e7c659 -> 
  custom:container-demuxer-ogg: 62fdf1f143b41e24485cea50d1cbac27 -> 
  custom:video-decoder-webm-vp8: 9c59270c3fd7afecdb556c50c9e8de78 -> 
  custom:audio-decoder-ogg-vorbis: bf7c407c2cedff20999df2af8eb42d56 -> 
